This file contains any messages produced by compilers while
running configure, to aid debugging if configure makes a mistake.

It was created by litmus configure 0.13, which was
generated by GNU Autoconf 2.66.  Invocation command line was

  $ ./configure 

## --------- ##
## Platform. ##
## --------- ##

hostname = Golf.local
uname -m = x86_64
uname -r = 14.0.0
uname -s = Darwin
uname -v = Darwin Kernel Version 14.0.0: Fri Sep 19 00:26:44 PDT 2014; root:xnu-2782.1.97~2/RELEASE_X86_64

/usr/bin/uname -p = i386
/bin/uname -X     = unknown

/bin/arch              = unknown
/usr/bin/arch -k       = unknown
/usr/convex/getsysinfo = unknown
/usr/bin/hostinfo      = Mach kernel version:
	 Darwin Kernel Version 14.0.0: Fri Sep 19 00:26:44 PDT 2014; root:xnu-2782.1.97~2/RELEASE_X86_64
Kernel configured for up to 8 processors.
4 processors are physically available.
8 processors are logically available.
Processor type: x86_64h (Intel x86-64h Haswell)
Processors active: 0 1 2 3 4 5 6 7
Primary memory available: 16.00 gigabytes
Default processor set: 277 tasks, 1368 threads, 8 processors
Load average: 1.72, Mach factor: 6.27
/bin/machine           = unknown
/usr/bin/oslevel       = unknown
/bin/universe          = unknown

PATH: bin
PATH: /opt/boxen/homebrew/share/python
PATH: /opt/boxen/heroku/bin
PATH: /opt/boxen/rbenv/shims
PATH: /opt/boxen/rbenv/bin
PATH: /opt/boxen/ruby-build/bin
PATH: node_modules/.bin
PATH: /opt/boxen/nodenv/shims
PATH: /opt/boxen/nodenv/bin
PATH: /opt/boxen/bin
PATH: /opt/boxen/homebrew/bin
PATH: /opt/boxen/homebrew/sbin
PATH: /usr/local/bin
PATH: /usr/bin
PATH: /bin
PATH: /usr/sbin
PATH: /sbin
PATH: /opt/X11/bin


## ----------- ##
## Core tests. ##
## ----------- ##

configure:2533: checking for gcc
configure:2549: found /usr/bin/gcc
configure:2560: result: gcc
configure:2789: checking for C compiler version
configure:2798: gcc --version >&5
Apple LLVM version 6.0 (clang-600.0.56) (based on LLVM 3.5svn)
Target: x86_64-apple-darwin14.0.0
Thread model: posix
Configured with: --prefix=/Applications/Xcode.app/Contents/Developer/usr --with-gxx-include-dir=/usr/include/c++/4.2.1
configure:2809: $? = 0
configure:2798: gcc -v >&5
Configured with: --prefix=/Applications/Xcode.app/Contents/Developer/usr --with-gxx-include-dir=/usr/include/c++/4.2.1
Apple LLVM version 6.0 (clang-600.0.56) (based on LLVM 3.5svn)
Target: x86_64-apple-darwin14.0.0
Thread model: posix
configure:2809: $? = 0
configure:2798: gcc -V >&5
clang: error: argument to '-V' is missing (expected 1 value)
clang: error: no input files
configure:2809: $? = 1
configure:2798: gcc -qversion >&5
clang: error: unknown argument: '-qversion'
clang: error: no input files
configure:2809: $? = 1
configure:2829: checking whether the C compiler works
configure:2851: gcc -I/opt/boxen/homebrew/include  -L/opt/boxen/homebrew/lib conftest.c  >&5
configure:2855: $? = 0
configure:2903: result: yes
configure:2906: checking for C compiler default output file name
configure:2908: result: a.out
configure:2914: checking for suffix of executables
configure:2921: gcc -o conftest -I/opt/boxen/homebrew/include  -L/opt/boxen/homebrew/lib conftest.c  >&5
configure:2925: $? = 0
configure:2947: result: 
configure:2969: checking whether we are cross compiling
configure:2977: gcc -o conftest -I/opt/boxen/homebrew/include  -L/opt/boxen/homebrew/lib conftest.c  >&5
configure:2981: $? = 0
configure:2988: ./conftest
configure:2992: $? = 0
configure:3007: result: no
configure:3012: checking for suffix of object files
configure:3034: gcc -c -I/opt/boxen/homebrew/include  conftest.c >&5
configure:3038: $? = 0
configure:3059: result: o
configure:3063: checking whether we are using the GNU C compiler
configure:3082: gcc -c -I/opt/boxen/homebrew/include  conftest.c >&5
configure:3082: $? = 0
configure:3091: result: yes
configure:3100: checking whether gcc accepts -g
configure:3120: gcc -c -g  conftest.c >&5
configure:3120: $? = 0
configure:3161: result: yes
configure:3178: checking for gcc option to accept ISO C89
configure:3242: gcc  -c -I/opt/boxen/homebrew/include  conftest.c >&5
configure:3242: $? = 0
configure:3255: result: none needed
configure:3275: checking whether make sets $(MAKE)
configure:3297: result: yes
configure:3349: checking for a BSD-compatible install
configure:3417: result: /usr/bin/install -c
configure:3449: checking how to run the C preprocessor
configure:3480: gcc -E  conftest.c
configure:3480: $? = 0
configure:3494: gcc -E  conftest.c
conftest.c:10:10: fatal error: 'ac_nonexistent.h' file not found
#include <ac_nonexistent.h>
         ^
1 error generated.
configure:3494: $? = 1
configure: failed program was:
| /* confdefs.h */
| #define PACKAGE_NAME "litmus"
| #define PACKAGE_TARNAME "litmus"
| #define PACKAGE_VERSION "0.13"
| #define PACKAGE_STRING "litmus 0.13"
| #define PACKAGE_BUGREPORT "litmus@lists.manyfish.co.uk"
| #define PACKAGE_URL ""
| #define _GNU_SOURCE 1
| /* end confdefs.h.  */
| #include <ac_nonexistent.h>
configure:3519: result: gcc -E
configure:3539: gcc -E  conftest.c
configure:3539: $? = 0
configure:3553: gcc -E  conftest.c
conftest.c:10:10: fatal error: 'ac_nonexistent.h' file not found
#include <ac_nonexistent.h>
         ^
1 error generated.
configure:3553: $? = 1
configure: failed program was:
| /* confdefs.h */
| #define PACKAGE_NAME "litmus"
| #define PACKAGE_TARNAME "litmus"
| #define PACKAGE_VERSION "0.13"
| #define PACKAGE_STRING "litmus 0.13"
| #define PACKAGE_BUGREPORT "litmus@lists.manyfish.co.uk"
| #define PACKAGE_URL ""
| #define _GNU_SOURCE 1
| /* end confdefs.h.  */
| #include <ac_nonexistent.h>
configure:3582: checking for grep that handles long lines and -e
configure:3640: result: /usr/bin/grep
configure:3645: checking for egrep
configure:3707: result: /usr/bin/grep -E
configure:3712: checking for ANSI C header files
configure:3732: gcc -c -I/opt/boxen/homebrew/include  conftest.c >&5
configure:3732: $? = 0
configure:3805: gcc -o conftest -I/opt/boxen/homebrew/include  -L/opt/boxen/homebrew/lib conftest.c  >&5
configure:3805: $? = 0
configure:3805: ./conftest
configure:3805: $? = 0
configure:3816: result: yes
configure:3829: checking for sys/types.h
configure:3829: gcc -c -I/opt/boxen/homebrew/include  conftest.c >&5
configure:3829: $? = 0
configure:3829: result: yes
configure:3829: checking for sys/stat.h
configure:3829: gcc -c -I/opt/boxen/homebrew/include  conftest.c >&5
configure:3829: $? = 0
configure:3829: result: yes
configure:3829: checking for stdlib.h
configure:3829: gcc -c -I/opt/boxen/homebrew/include  conftest.c >&5
configure:3829: $? = 0
configure:3829: result: yes
configure:3829: checking for string.h
configure:3829: gcc -c -I/opt/boxen/homebrew/include  conftest.c >&5
configure:3829: $? = 0
configure:3829: result: yes
configure:3829: checking for memory.h
configure:3829: gcc -c -I/opt/boxen/homebrew/include  conftest.c >&5
configure:3829: $? = 0
configure:3829: result: yes
configure:3829: checking for strings.h
configure:3829: gcc -c -I/opt/boxen/homebrew/include  conftest.c >&5
configure:3829: $? = 0
configure:3829: result: yes
configure:3829: checking for inttypes.h
configure:3829: gcc -c -I/opt/boxen/homebrew/include  conftest.c >&5
configure:3829: $? = 0
configure:3829: result: yes
configure:3829: checking for stdint.h
configure:3829: gcc -c -I/opt/boxen/homebrew/include  conftest.c >&5
configure:3829: $? = 0
configure:3829: result: yes
configure:3829: checking for unistd.h
configure:3829: gcc -c -I/opt/boxen/homebrew/include  conftest.c >&5
configure:3829: $? = 0
configure:3829: result: yes
configure:3842: checking minix/config.h usability
configure:3842: gcc -c -I/opt/boxen/homebrew/include  conftest.c >&5
conftest.c:53:10: fatal error: 'minix/config.h' file not found
#include <minix/config.h>
         ^
1 error generated.
configure:3842: $? = 1
configure: failed program was:
| /* confdefs.h */
| #define PACKAGE_NAME "litmus"
| #define PACKAGE_TARNAME "litmus"
| #define PACKAGE_VERSION "0.13"
| #define PACKAGE_STRING "litmus 0.13"
| #define PACKAGE_BUGREPORT "litmus@lists.manyfish.co.uk"
| #define PACKAGE_URL ""
| #define _GNU_SOURCE 1
| #define STDC_HEADERS 1
| #define HAVE_SYS_TYPES_H 1
| #define HAVE_SYS_STAT_H 1
| #define HAVE_STDLIB_H 1
| #define HAVE_STRING_H 1
| #define HAVE_MEMORY_H 1
| #define HAVE_STRINGS_H 1
| #define HAVE_INTTYPES_H 1
| #define HAVE_STDINT_H 1
| #define HAVE_UNISTD_H 1
| /* end confdefs.h.  */
| #include <stdio.h>
| #ifdef HAVE_SYS_TYPES_H
| # include <sys/types.h>
| #endif
| #ifdef HAVE_SYS_STAT_H
| # include <sys/stat.h>
| #endif
| #ifdef STDC_HEADERS
| # include <stdlib.h>
| # include <stddef.h>
| #else
| # ifdef HAVE_STDLIB_H
| #  include <stdlib.h>
| # endif
| #endif
| #ifdef HAVE_STRING_H
| # if !defined STDC_HEADERS && defined HAVE_MEMORY_H
| #  include <memory.h>
| # endif
| # include <string.h>
| #endif
| #ifdef HAVE_STRINGS_H
| # include <strings.h>
| #endif
| #ifdef HAVE_INTTYPES_H
| # include <inttypes.h>
| #endif
| #ifdef HAVE_STDINT_H
| # include <stdint.h>
| #endif
| #ifdef HAVE_UNISTD_H
| # include <unistd.h>
| #endif
| #include <minix/config.h>
configure:3842: result: no
configure:3842: checking minix/config.h presence
configure:3842: gcc -E  conftest.c
conftest.c:20:10: fatal error: 'minix/config.h' file not found
#include <minix/config.h>
         ^
1 error generated.
configure:3842: $? = 1
configure: failed program was:
| /* confdefs.h */
| #define PACKAGE_NAME "litmus"
| #define PACKAGE_TARNAME "litmus"
| #define PACKAGE_VERSION "0.13"
| #define PACKAGE_STRING "litmus 0.13"
| #define PACKAGE_BUGREPORT "litmus@lists.manyfish.co.uk"
| #define PACKAGE_URL ""
| #define _GNU_SOURCE 1
| #define STDC_HEADERS 1
| #define HAVE_SYS_TYPES_H 1
| #define HAVE_SYS_STAT_H 1
| #define HAVE_STDLIB_H 1
| #define HAVE_STRING_H 1
| #define HAVE_MEMORY_H 1
| #define HAVE_STRINGS_H 1
| #define HAVE_INTTYPES_H 1
| #define HAVE_STDINT_H 1
| #define HAVE_UNISTD_H 1
| /* end confdefs.h.  */
| #include <minix/config.h>
configure:3842: result: no
configure:3842: checking for minix/config.h
configure:3842: result: no
configure:3863: checking whether it is safe to define __EXTENSIONS__
configure:3881: gcc -c -I/opt/boxen/homebrew/include  conftest.c >&5
configure:3881: $? = 0
configure:3888: result: yes
configure:3902: checking for inline
configure:3918: gcc -c -I/opt/boxen/homebrew/include  conftest.c >&5
configure:3918: $? = 0
configure:3926: result: inline
configure:3944: checking for an ANSI C-conforming const
configure:4009: gcc -c -I/opt/boxen/homebrew/include  conftest.c >&5
configure:4009: $? = 0
configure:4016: result: yes
configure:4024: checking for size_t
configure:4024: gcc -c -I/opt/boxen/homebrew/include  conftest.c >&5
configure:4024: $? = 0
configure:4024: gcc -c -I/opt/boxen/homebrew/include  conftest.c >&5
conftest.c:61:21: error: expected expression
if (sizeof ((size_t)))
                    ^
1 error generated.
configure:4024: $? = 1
configure: failed program was:
| /* confdefs.h */
| #define PACKAGE_NAME "litmus"
| #define PACKAGE_TARNAME "litmus"
| #define PACKAGE_VERSION "0.13"
| #define PACKAGE_STRING "litmus 0.13"
| #define PACKAGE_BUGREPORT "litmus@lists.manyfish.co.uk"
| #define PACKAGE_URL ""
| #define _GNU_SOURCE 1
| #define STDC_HEADERS 1
| #define HAVE_SYS_TYPES_H 1
| #define HAVE_SYS_STAT_H 1
| #define HAVE_STDLIB_H 1
| #define HAVE_STRING_H 1
| #define HAVE_MEMORY_H 1
| #define HAVE_STRINGS_H 1
| #define HAVE_INTTYPES_H 1
| #define HAVE_STDINT_H 1
| #define HAVE_UNISTD_H 1
| #define __EXTENSIONS__ 1
| #define _ALL_SOURCE 1
| #define _GNU_SOURCE 1
| #define _POSIX_PTHREAD_SEMANTICS 1
| #define _TANDEM_SOURCE 1
| /* end confdefs.h.  */
| #include <stdio.h>
| #ifdef HAVE_SYS_TYPES_H
| # include <sys/types.h>
| #endif
| #ifdef HAVE_SYS_STAT_H
| # include <sys/stat.h>
| #endif
| #ifdef STDC_HEADERS
| # include <stdlib.h>
| # include <stddef.h>
| #else
| # ifdef HAVE_STDLIB_H
| #  include <stdlib.h>
| # endif
| #endif
| #ifdef HAVE_STRING_H
| # if !defined STDC_HEADERS && defined HAVE_MEMORY_H
| #  include <memory.h>
| # endif
| # include <string.h>
| #endif
| #ifdef HAVE_STRINGS_H
| # include <strings.h>
| #endif
| #ifdef HAVE_INTTYPES_H
| # include <inttypes.h>
| #endif
| #ifdef HAVE_STDINT_H
| # include <stdint.h>
| #endif
| #ifdef HAVE_UNISTD_H
| # include <unistd.h>
| #endif
| int
| main ()
| {
| if (sizeof ((size_t)))
| 	    return 0;
|   ;
|   return 0;
| }
configure:4024: result: yes
configure:4035: checking for off_t
configure:4035: gcc -c -I/opt/boxen/homebrew/include  conftest.c >&5
configure:4035: $? = 0
configure:4035: gcc -c -I/opt/boxen/homebrew/include  conftest.c >&5
conftest.c:61:20: error: expected expression
if (sizeof ((off_t)))
                   ^
1 error generated.
configure:4035: $? = 1
configure: failed program was:
| /* confdefs.h */
| #define PACKAGE_NAME "litmus"
| #define PACKAGE_TARNAME "litmus"
| #define PACKAGE_VERSION "0.13"
| #define PACKAGE_STRING "litmus 0.13"
| #define PACKAGE_BUGREPORT "litmus@lists.manyfish.co.uk"
| #define PACKAGE_URL ""
| #define _GNU_SOURCE 1
| #define STDC_HEADERS 1
| #define HAVE_SYS_TYPES_H 1
| #define HAVE_SYS_STAT_H 1
| #define HAVE_STDLIB_H 1
| #define HAVE_STRING_H 1
| #define HAVE_MEMORY_H 1
| #define HAVE_STRINGS_H 1
| #define HAVE_INTTYPES_H 1
| #define HAVE_STDINT_H 1
| #define HAVE_UNISTD_H 1
| #define __EXTENSIONS__ 1
| #define _ALL_SOURCE 1
| #define _GNU_SOURCE 1
| #define _POSIX_PTHREAD_SEMANTICS 1
| #define _TANDEM_SOURCE 1
| /* end confdefs.h.  */
| #include <stdio.h>
| #ifdef HAVE_SYS_TYPES_H
| # include <sys/types.h>
| #endif
| #ifdef HAVE_SYS_STAT_H
| # include <sys/stat.h>
| #endif
| #ifdef STDC_HEADERS
| # include <stdlib.h>
| # include <stddef.h>
| #else
| # ifdef HAVE_STDLIB_H
| #  include <stdlib.h>
| # endif
| #endif
| #ifdef HAVE_STRING_H
| # if !defined STDC_HEADERS && defined HAVE_MEMORY_H
| #  include <memory.h>
| # endif
| # include <string.h>
| #endif
| #ifdef HAVE_STRINGS_H
| # include <strings.h>
| #endif
| #ifdef HAVE_INTTYPES_H
| # include <inttypes.h>
| #endif
| #ifdef HAVE_STDINT_H
| # include <stdint.h>
| #endif
| #ifdef HAVE_UNISTD_H
| # include <unistd.h>
| #endif
| int
| main ()
| {
| if (sizeof ((off_t)))
| 	    return 0;
|   ;
|   return 0;
| }
configure:4035: result: yes
configure:4048: checking for uname
configure:4057: result: Darwin
configure:4074: checking size of int
configure:4079: gcc -o conftest -I/opt/boxen/homebrew/include  -no-cpp-precomp -L/opt/boxen/homebrew/lib -flat_namespace conftest.c  >&5
configure:4079: $? = 0
configure:4079: ./conftest
configure:4079: $? = 0
configure:4093: result: 4
configure:4107: checking size of long
configure:4112: gcc -o conftest -I/opt/boxen/homebrew/include  -no-cpp-precomp -L/opt/boxen/homebrew/lib -flat_namespace conftest.c  >&5
configure:4112: $? = 0
configure:4112: ./conftest
configure:4112: $? = 0
configure:4126: result: 8
configure:4140: checking size of long long
configure:4145: gcc -o conftest -I/opt/boxen/homebrew/include  -no-cpp-precomp -L/opt/boxen/homebrew/lib -flat_namespace conftest.c  >&5
configure:4145: $? = 0
configure:4145: ./conftest
configure:4145: $? = 0
configure:4159: result: 8
configure:4170: checking for gcc -Wformat -Werror sanity
configure:4191: gcc -c -I/opt/boxen/homebrew/include  -no-cpp-precomp -Wformat -Werror conftest.c >&5
configure:4191: $? = 0
configure:4199: result: yes
configure:4227: checking errno.h usability
configure:4227: gcc -c -I/opt/boxen/homebrew/include  -no-cpp-precomp conftest.c >&5
configure:4227: $? = 0
configure:4227: result: yes
configure:4227: checking errno.h presence
configure:4227: gcc -E  -no-cpp-precomp conftest.c
configure:4227: $? = 0
configure:4227: result: yes
configure:4227: checking for errno.h
configure:4227: result: yes
configure:4227: checking stdarg.h usability
configure:4227: gcc -c -I/opt/boxen/homebrew/include  -no-cpp-precomp conftest.c >&5
configure:4227: $? = 0
configure:4227: result: yes
configure:4227: checking stdarg.h presence
configure:4227: gcc -E  -no-cpp-precomp conftest.c
configure:4227: $? = 0
configure:4227: result: yes
configure:4227: checking for stdarg.h
configure:4227: result: yes
configure:4227: checking for string.h
configure:4227: result: yes
configure:4227: checking for stdlib.h
configure:4227: result: yes
configure:4246: checking size of size_t
configure:4251: gcc -o conftest -I/opt/boxen/homebrew/include  -no-cpp-precomp -L/opt/boxen/homebrew/lib -flat_namespace conftest.c  >&5
configure:4251: $? = 0
configure:4251: ./conftest
configure:4251: $? = 0
configure:4267: result: 8
configure:4282: checking how to print size_t
configure:4307: gcc -c -I/opt/boxen/homebrew/include  -no-cpp-precomp -Wformat -Werror conftest.c >&5
conftest.c:39:28: error: format specifies type 'unsigned int' but the argument has type 'size_t' (aka 'unsigned long') [-Werror,-Wformat]
size_t i = 1; printf("%u", i);
                      ~~   ^
                      %zu
1 error generated.
configure:4307: $? = 1
configure: failed program was:
| /* confdefs.h */
| #define PACKAGE_NAME "litmus"
| #define PACKAGE_TARNAME "litmus"
| #define PACKAGE_VERSION "0.13"
| #define PACKAGE_STRING "litmus 0.13"
| #define PACKAGE_BUGREPORT "litmus@lists.manyfish.co.uk"
| #define PACKAGE_URL ""
| #define _GNU_SOURCE 1
| #define STDC_HEADERS 1
| #define HAVE_SYS_TYPES_H 1
| #define HAVE_SYS_STAT_H 1
| #define HAVE_STDLIB_H 1
| #define HAVE_STRING_H 1
| #define HAVE_MEMORY_H 1
| #define HAVE_STRINGS_H 1
| #define HAVE_INTTYPES_H 1
| #define HAVE_STDINT_H 1
| #define HAVE_UNISTD_H 1
| #define __EXTENSIONS__ 1
| #define _ALL_SOURCE 1
| #define _GNU_SOURCE 1
| #define _POSIX_PTHREAD_SEMANTICS 1
| #define _TANDEM_SOURCE 1
| #define SIZEOF_INT 4
| #define SIZEOF_LONG 8
| #define SIZEOF_LONG_LONG 8
| #define HAVE_ERRNO_H 1
| #define HAVE_STDARG_H 1
| #define HAVE_STRING_H 1
| #define HAVE_STDLIB_H 1
| #define SIZEOF_SIZE_T 8
| /* end confdefs.h.  */
| #include <sys/types.h>
| 
| #include <stdio.h>
| int
| main ()
| {
| size_t i = 1; printf("%u", i);
|   ;
|   return 0;
| }
configure:4307: gcc -c -I/opt/boxen/homebrew/include  -no-cpp-precomp -Wformat -Werror conftest.c >&5
configure:4307: $? = 0
configure:4324: result: lu
configure:4344: checking size of off_t
configure:4349: gcc -o conftest -I/opt/boxen/homebrew/include  -no-cpp-precomp -L/opt/boxen/homebrew/lib -flat_namespace conftest.c  >&5
configure:4349: $? = 0
configure:4349: ./conftest
configure:4349: $? = 0
configure:4365: result: 8
configure:4380: checking how to print off_t
configure:4405: gcc -c -I/opt/boxen/homebrew/include  -no-cpp-precomp -Wformat -Werror conftest.c >&5
conftest.c:41:27: error: format specifies type 'int' but the argument has type 'off_t' (aka 'long long') [-Werror,-Wformat]
off_t i = 1; printf("%d", i);
                     ~~   ^
                     %lld
1 error generated.
configure:4405: $? = 1
configure: failed program was:
| /* confdefs.h */
| #define PACKAGE_NAME "litmus"
| #define PACKAGE_TARNAME "litmus"
| #define PACKAGE_VERSION "0.13"
| #define PACKAGE_STRING "litmus 0.13"
| #define PACKAGE_BUGREPORT "litmus@lists.manyfish.co.uk"
| #define PACKAGE_URL ""
| #define _GNU_SOURCE 1
| #define STDC_HEADERS 1
| #define HAVE_SYS_TYPES_H 1
| #define HAVE_SYS_STAT_H 1
| #define HAVE_STDLIB_H 1
| #define HAVE_STRING_H 1
| #define HAVE_MEMORY_H 1
| #define HAVE_STRINGS_H 1
| #define HAVE_INTTYPES_H 1
| #define HAVE_STDINT_H 1
| #define HAVE_UNISTD_H 1
| #define __EXTENSIONS__ 1
| #define _ALL_SOURCE 1
| #define _GNU_SOURCE 1
| #define _POSIX_PTHREAD_SEMANTICS 1
| #define _TANDEM_SOURCE 1
| #define SIZEOF_INT 4
| #define SIZEOF_LONG 8
| #define SIZEOF_LONG_LONG 8
| #define HAVE_ERRNO_H 1
| #define HAVE_STDARG_H 1
| #define HAVE_STRING_H 1
| #define HAVE_STDLIB_H 1
| #define SIZEOF_SIZE_T 8
| #define NE_FMT_SIZE_T "lu"
| #define SIZEOF_OFF_T 8
| /* end confdefs.h.  */
| #include <sys/types.h>
| 
| #include <stdio.h>
| int
| main ()
| {
| off_t i = 1; printf("%d", i);
|   ;
|   return 0;
| }
configure:4405: gcc -c -I/opt/boxen/homebrew/include  -no-cpp-precomp -Wformat -Werror conftest.c >&5
conftest.c:41:28: error: format specifies type 'long' but the argument has type 'off_t' (aka 'long long') [-Werror,-Wformat]
off_t i = 1; printf("%ld", i);
                     ~~~   ^
                     %lld
1 error generated.
configure:4405: $? = 1
configure: failed program was:
| /* confdefs.h */
| #define PACKAGE_NAME "litmus"
| #define PACKAGE_TARNAME "litmus"
| #define PACKAGE_VERSION "0.13"
| #define PACKAGE_STRING "litmus 0.13"
| #define PACKAGE_BUGREPORT "litmus@lists.manyfish.co.uk"
| #define PACKAGE_URL ""
| #define _GNU_SOURCE 1
| #define STDC_HEADERS 1
| #define HAVE_SYS_TYPES_H 1
| #define HAVE_SYS_STAT_H 1
| #define HAVE_STDLIB_H 1
| #define HAVE_STRING_H 1
| #define HAVE_MEMORY_H 1
| #define HAVE_STRINGS_H 1
| #define HAVE_INTTYPES_H 1
| #define HAVE_STDINT_H 1
| #define HAVE_UNISTD_H 1
| #define __EXTENSIONS__ 1
| #define _ALL_SOURCE 1
| #define _GNU_SOURCE 1
| #define _POSIX_PTHREAD_SEMANTICS 1
| #define _TANDEM_SOURCE 1
| #define SIZEOF_INT 4
| #define SIZEOF_LONG 8
| #define SIZEOF_LONG_LONG 8
| #define HAVE_ERRNO_H 1
| #define HAVE_STDARG_H 1
| #define HAVE_STRING_H 1
| #define HAVE_STDLIB_H 1
| #define SIZEOF_SIZE_T 8
| #define NE_FMT_SIZE_T "lu"
| #define SIZEOF_OFF_T 8
| /* end confdefs.h.  */
| #include <sys/types.h>
| 
| #include <stdio.h>
| int
| main ()
| {
| off_t i = 1; printf("%ld", i);
|   ;
|   return 0;
| }
configure:4405: gcc -c -I/opt/boxen/homebrew/include  -no-cpp-precomp -Wformat -Werror conftest.c >&5
configure:4405: $? = 0
configure:4422: result: lld
configure:4443: checking size of ssize_t
configure:4448: gcc -o conftest -I/opt/boxen/homebrew/include  -no-cpp-precomp -L/opt/boxen/homebrew/lib -flat_namespace conftest.c  >&5
configure:4448: $? = 0
configure:4448: ./conftest
configure:4448: $? = 0
configure:4464: result: 8
configure:4479: checking how to print ssize_t
configure:4504: gcc -c -I/opt/boxen/homebrew/include  -no-cpp-precomp -Wformat -Werror conftest.c >&5
conftest.c:43:29: error: format specifies type 'int' but the argument has type 'ssize_t' (aka 'long') [-Werror,-Wformat]
ssize_t i = 1; printf("%d", i);
                       ~~   ^
                       %zd
1 error generated.
configure:4504: $? = 1
configure: failed program was:
| /* confdefs.h */
| #define PACKAGE_NAME "litmus"
| #define PACKAGE_TARNAME "litmus"
| #define PACKAGE_VERSION "0.13"
| #define PACKAGE_STRING "litmus 0.13"
| #define PACKAGE_BUGREPORT "litmus@lists.manyfish.co.uk"
| #define PACKAGE_URL ""
| #define _GNU_SOURCE 1
| #define STDC_HEADERS 1
| #define HAVE_SYS_TYPES_H 1
| #define HAVE_SYS_STAT_H 1
| #define HAVE_STDLIB_H 1
| #define HAVE_STRING_H 1
| #define HAVE_MEMORY_H 1
| #define HAVE_STRINGS_H 1
| #define HAVE_INTTYPES_H 1
| #define HAVE_STDINT_H 1
| #define HAVE_UNISTD_H 1
| #define __EXTENSIONS__ 1
| #define _ALL_SOURCE 1
| #define _GNU_SOURCE 1
| #define _POSIX_PTHREAD_SEMANTICS 1
| #define _TANDEM_SOURCE 1
| #define SIZEOF_INT 4
| #define SIZEOF_LONG 8
| #define SIZEOF_LONG_LONG 8
| #define HAVE_ERRNO_H 1
| #define HAVE_STDARG_H 1
| #define HAVE_STRING_H 1
| #define HAVE_STDLIB_H 1
| #define SIZEOF_SIZE_T 8
| #define NE_FMT_SIZE_T "lu"
| #define SIZEOF_OFF_T 8
| #define NE_FMT_OFF_T "lld"
| #define SIZEOF_SSIZE_T 8
| /* end confdefs.h.  */
| #include <sys/types.h>
| 
| #include <stdio.h>
| int
| main ()
| {
| ssize_t i = 1; printf("%d", i);
|   ;
|   return 0;
| }
configure:4504: gcc -c -I/opt/boxen/homebrew/include  -no-cpp-precomp -Wformat -Werror conftest.c >&5
configure:4504: $? = 0
configure:4521: result: ld
configure:4545: checking size of time_t
configure:4550: gcc -o conftest -I/opt/boxen/homebrew/include  -no-cpp-precomp -L/opt/boxen/homebrew/lib -flat_namespace conftest.c  >&5
configure:4550: $? = 0
configure:4550: ./conftest
configure:4550: $? = 0
configure:4569: result: 8
configure:4584: checking how to print time_t
configure:4612: gcc -c -I/opt/boxen/homebrew/include  -no-cpp-precomp -Wformat -Werror conftest.c >&5
conftest.c:48:28: error: format specifies type 'int' but the argument has type 'time_t' (aka 'long') [-Werror,-Wformat]
time_t i = 1; printf("%d", i);
                      ~~   ^
                      %ld
1 error generated.
configure:4612: $? = 1
configure: failed program was:
| /* confdefs.h */
| #define PACKAGE_NAME "litmus"
| #define PACKAGE_TARNAME "litmus"
| #define PACKAGE_VERSION "0.13"
| #define PACKAGE_STRING "litmus 0.13"
| #define PACKAGE_BUGREPORT "litmus@lists.manyfish.co.uk"
| #define PACKAGE_URL ""
| #define _GNU_SOURCE 1
| #define STDC_HEADERS 1
| #define HAVE_SYS_TYPES_H 1
| #define HAVE_SYS_STAT_H 1
| #define HAVE_STDLIB_H 1
| #define HAVE_STRING_H 1
| #define HAVE_MEMORY_H 1
| #define HAVE_STRINGS_H 1
| #define HAVE_INTTYPES_H 1
| #define HAVE_STDINT_H 1
| #define HAVE_UNISTD_H 1
| #define __EXTENSIONS__ 1
| #define _ALL_SOURCE 1
| #define _GNU_SOURCE 1
| #define _POSIX_PTHREAD_SEMANTICS 1
| #define _TANDEM_SOURCE 1
| #define SIZEOF_INT 4
| #define SIZEOF_LONG 8
| #define SIZEOF_LONG_LONG 8
| #define HAVE_ERRNO_H 1
| #define HAVE_STDARG_H 1
| #define HAVE_STRING_H 1
| #define HAVE_STDLIB_H 1
| #define SIZEOF_SIZE_T 8
| #define NE_FMT_SIZE_T "lu"
| #define SIZEOF_OFF_T 8
| #define NE_FMT_OFF_T "lld"
| #define SIZEOF_SSIZE_T 8
| #define NE_FMT_SSIZE_T "ld"
| #define SIZEOF_TIME_T 8
| /* end confdefs.h.  */
| #include <sys/types.h>
| 
| #ifdef HAVE_SYS_TIME_H
| #include <sys/time.h>
| #endif
| #include <stdio.h>
| int
| main ()
| {
| time_t i = 1; printf("%d", i);
|   ;
|   return 0;
| }
configure:4612: gcc -c -I/opt/boxen/homebrew/include  -no-cpp-precomp -Wformat -Werror conftest.c >&5
configure:4612: $? = 0
configure:4629: result: ld
configure:4643: checking for pid_t
configure:4643: gcc -c -I/opt/boxen/homebrew/include  -no-cpp-precomp conftest.c >&5
configure:4643: $? = 0
configure:4643: gcc -c -I/opt/boxen/homebrew/include  -no-cpp-precomp conftest.c >&5
conftest.c:76:20: error: expected expression
if (sizeof ((pid_t)))
                   ^
1 error generated.
configure:4643: $? = 1
configure: failed program was:
| /* confdefs.h */
| #define PACKAGE_NAME "litmus"
| #define PACKAGE_TARNAME "litmus"
| #define PACKAGE_VERSION "0.13"
| #define PACKAGE_STRING "litmus 0.13"
| #define PACKAGE_BUGREPORT "litmus@lists.manyfish.co.uk"
| #define PACKAGE_URL ""
| #define _GNU_SOURCE 1
| #define STDC_HEADERS 1
| #define HAVE_SYS_TYPES_H 1
| #define HAVE_SYS_STAT_H 1
| #define HAVE_STDLIB_H 1
| #define HAVE_STRING_H 1
| #define HAVE_MEMORY_H 1
| #define HAVE_STRINGS_H 1
| #define HAVE_INTTYPES_H 1
| #define HAVE_STDINT_H 1
| #define HAVE_UNISTD_H 1
| #define __EXTENSIONS__ 1
| #define _ALL_SOURCE 1
| #define _GNU_SOURCE 1
| #define _POSIX_PTHREAD_SEMANTICS 1
| #define _TANDEM_SOURCE 1
| #define SIZEOF_INT 4
| #define SIZEOF_LONG 8
| #define SIZEOF_LONG_LONG 8
| #define HAVE_ERRNO_H 1
| #define HAVE_STDARG_H 1
| #define HAVE_STRING_H 1
| #define HAVE_STDLIB_H 1
| #define SIZEOF_SIZE_T 8
| #define NE_FMT_SIZE_T "lu"
| #define SIZEOF_OFF_T 8
| #define NE_FMT_OFF_T "lld"
| #define SIZEOF_SSIZE_T 8
| #define NE_FMT_SSIZE_T "ld"
| #define SIZEOF_TIME_T 8
| #define NE_FMT_TIME_T "ld"
| /* end confdefs.h.  */
| #include <stdio.h>
| #ifdef HAVE_SYS_TYPES_H
| # include <sys/types.h>
| #endif
| #ifdef HAVE_SYS_STAT_H
| # include <sys/stat.h>
| #endif
| #ifdef STDC_HEADERS
| # include <stdlib.h>
| # include <stddef.h>
| #else
| # ifdef HAVE_STDLIB_H
| #  include <stdlib.h>
| # endif
| #endif
| #ifdef HAVE_STRING_H
| # if !defined STDC_HEADERS && defined HAVE_MEMORY_H
| #  include <memory.h>
| # endif
| # include <string.h>
| #endif
| #ifdef HAVE_STRINGS_H
| # include <strings.h>
| #endif
| #ifdef HAVE_INTTYPES_H
| # include <inttypes.h>
| #endif
| #ifdef HAVE_STDINT_H
| # include <stdint.h>
| #endif
| #ifdef HAVE_UNISTD_H
| # include <unistd.h>
| #endif
| int
| main ()
| {
| if (sizeof ((pid_t)))
| 	    return 0;
|   ;
|   return 0;
| }
configure:4643: result: yes
configure:4654: checking whether time.h and sys/time.h may both be included
configure:4674: gcc -c -I/opt/boxen/homebrew/include  -no-cpp-precomp conftest.c >&5
configure:4674: $? = 0
configure:4681: result: yes
configure:4739: checking for ar
configure:4757: found /usr/bin/ar
configure:4769: result: /usr/bin/ar
configure:4840: checking for ranlib
configure:4858: found /usr/bin/ranlib
configure:4870: result: /usr/bin/ranlib
configure:4907: checking sys/time.h usability
configure:4907: gcc -c -I/opt/boxen/homebrew/include  -no-cpp-precomp conftest.c >&5
configure:4907: $? = 0
configure:4907: result: yes
configure:4907: checking sys/time.h presence
configure:4907: gcc -E  -no-cpp-precomp conftest.c
configure:4907: $? = 0
configure:4907: result: yes
configure:4907: checking for sys/time.h
configure:4907: result: yes
configure:4907: checking for stdint.h
configure:4907: result: yes
configure:4907: checking locale.h usability
configure:4907: gcc -c -I/opt/boxen/homebrew/include  -no-cpp-precomp conftest.c >&5
configure:4907: $? = 0
configure:4907: result: yes
configure:4907: checking locale.h presence
configure:4907: gcc -E  -no-cpp-precomp conftest.c
configure:4907: $? = 0
configure:4907: result: yes
configure:4907: checking for locale.h
configure:4907: result: yes
configure:4907: checking signal.h usability
configure:4907: gcc -c -I/opt/boxen/homebrew/include  -no-cpp-precomp conftest.c >&5
configure:4907: $? = 0
configure:4907: result: yes
configure:4907: checking signal.h presence
configure:4907: gcc -E  -no-cpp-precomp conftest.c
configure:4907: $? = 0
configure:4907: result: yes
configure:4907: checking for signal.h
configure:4907: result: yes
configure:4921: checking for pipe
configure:4921: gcc -o conftest -I/opt/boxen/homebrew/include  -no-cpp-precomp -L/opt/boxen/homebrew/lib -flat_namespace conftest.c  >&5
configure:4921: $? = 0
configure:4921: result: yes
configure:4921: checking for isatty
configure:4921: gcc -o conftest -I/opt/boxen/homebrew/include  -no-cpp-precomp -L/opt/boxen/homebrew/lib -flat_namespace conftest.c  >&5
configure:4921: $? = 0
configure:4921: result: yes
configure:4921: checking for usleep
configure:4921: gcc -o conftest -I/opt/boxen/homebrew/include  -no-cpp-precomp -L/opt/boxen/homebrew/lib -flat_namespace conftest.c  >&5
configure:4921: $? = 0
configure:4921: result: yes
configure:4921: checking for shutdown
configure:4921: gcc -o conftest -I/opt/boxen/homebrew/include  -no-cpp-precomp -L/opt/boxen/homebrew/lib -flat_namespace conftest.c  >&5
configure:4921: $? = 0
configure:4921: result: yes
configure:4921: checking for setlocale
configure:4921: gcc -o conftest -I/opt/boxen/homebrew/include  -no-cpp-precomp -L/opt/boxen/homebrew/lib -flat_namespace conftest.c  >&5
configure:4921: $? = 0
configure:4921: result: yes
configure:4921: checking for gethostname
configure:4921: gcc -o conftest -I/opt/boxen/homebrew/include  -no-cpp-precomp -L/opt/boxen/homebrew/lib -flat_namespace conftest.c  >&5
configure:4921: $? = 0
configure:4921: result: yes
configure:4934: checking whether byte ordering is bigendian
configure:4949: gcc -c -I/opt/boxen/homebrew/include  -no-cpp-precomp conftest.c >&5
configure:4949: $? = 0
configure:4994: gcc -c -I/opt/boxen/homebrew/include  -no-cpp-precomp conftest.c >&5
configure:4994: $? = 0
configure:5012: gcc -c -I/opt/boxen/homebrew/include  -no-cpp-precomp conftest.c >&5
conftest.c:58:4: error: use of undeclared identifier 'not'
                 not big endian
                 ^
1 error generated.
configure:5012: $? = 1
configure: failed program was:
| /* confdefs.h */
| #define PACKAGE_NAME "litmus"
| #define PACKAGE_TARNAME "litmus"
| #define PACKAGE_VERSION "0.13"
| #define PACKAGE_STRING "litmus 0.13"
| #define PACKAGE_BUGREPORT "litmus@lists.manyfish.co.uk"
| #define PACKAGE_URL ""
| #define _GNU_SOURCE 1
| #define STDC_HEADERS 1
| #define HAVE_SYS_TYPES_H 1
| #define HAVE_SYS_STAT_H 1
| #define HAVE_STDLIB_H 1
| #define HAVE_STRING_H 1
| #define HAVE_MEMORY_H 1
| #define HAVE_STRINGS_H 1
| #define HAVE_INTTYPES_H 1
| #define HAVE_STDINT_H 1
| #define HAVE_UNISTD_H 1
| #define __EXTENSIONS__ 1
| #define _ALL_SOURCE 1
| #define _GNU_SOURCE 1
| #define _POSIX_PTHREAD_SEMANTICS 1
| #define _TANDEM_SOURCE 1
| #define SIZEOF_INT 4
| #define SIZEOF_LONG 8
| #define SIZEOF_LONG_LONG 8
| #define HAVE_ERRNO_H 1
| #define HAVE_STDARG_H 1
| #define HAVE_STRING_H 1
| #define HAVE_STDLIB_H 1
| #define SIZEOF_SIZE_T 8
| #define NE_FMT_SIZE_T "lu"
| #define SIZEOF_OFF_T 8
| #define NE_FMT_OFF_T "lld"
| #define SIZEOF_SSIZE_T 8
| #define NE_FMT_SSIZE_T "ld"
| #define SIZEOF_TIME_T 8
| #define NE_FMT_TIME_T "ld"
| #define TIME_WITH_SYS_TIME 1
| #define HAVE_SYS_TIME_H 1
| #define HAVE_STDINT_H 1
| #define HAVE_LOCALE_H 1
| #define HAVE_SIGNAL_H 1
| #define HAVE_PIPE 1
| #define HAVE_ISATTY 1
| #define HAVE_USLEEP 1
| #define HAVE_SHUTDOWN 1
| #define HAVE_SETLOCALE 1
| #define HAVE_GETHOSTNAME 1
| /* end confdefs.h.  */
| #include <sys/types.h>
| 		#include <sys/param.h>
| 
| int
| main ()
| {
| #if BYTE_ORDER != BIG_ENDIAN
| 		 not big endian
| 		#endif
| 
|   ;
|   return 0;
| }
configure:5140: result: no
configure:5158: checking whether strerror_r is declared
configure:5158: gcc -c -I/opt/boxen/homebrew/include  -no-cpp-precomp conftest.c >&5
configure:5158: $? = 0
configure:5158: result: yes
configure:5171: checking for strerror_r
configure:5171: gcc -o conftest -I/opt/boxen/homebrew/include  -no-cpp-precomp -L/opt/boxen/homebrew/lib -flat_namespace conftest.c  >&5
configure:5171: $? = 0
configure:5171: result: yes
configure:5180: checking whether strerror_r returns char *
configure:5204: gcc -c -I/opt/boxen/homebrew/include  -no-cpp-precomp conftest.c >&5
conftest.c:91:13: error: indirection requires pointer operand ('int' invalid)
          char x = *strerror_r (0, buf, sizeof buf);
                   ^~~~~~~~~~~~~~~~~~~~~~~~~~~~~~~~
conftest.c:92:10: warning: incompatible integer to pointer conversion initializing 'char *' with an expression of type 'int' [-Wint-conversion]
          char *p = strerror_r (0, buf, sizeof buf);
                ^   ~~~~~~~~~~~~~~~~~~~~~~~~~~~~~~~
1 warning and 1 error generated.
configure:5204: $? = 1
configure: failed program was:
| /* confdefs.h */
| #define PACKAGE_NAME "litmus"
| #define PACKAGE_TARNAME "litmus"
| #define PACKAGE_VERSION "0.13"
| #define PACKAGE_STRING "litmus 0.13"
| #define PACKAGE_BUGREPORT "litmus@lists.manyfish.co.uk"
| #define PACKAGE_URL ""
| #define _GNU_SOURCE 1
| #define STDC_HEADERS 1
| #define HAVE_SYS_TYPES_H 1
| #define HAVE_SYS_STAT_H 1
| #define HAVE_STDLIB_H 1
| #define HAVE_STRING_H 1
| #define HAVE_MEMORY_H 1
| #define HAVE_STRINGS_H 1
| #define HAVE_INTTYPES_H 1
| #define HAVE_STDINT_H 1
| #define HAVE_UNISTD_H 1
| #define __EXTENSIONS__ 1
| #define _ALL_SOURCE 1
| #define _GNU_SOURCE 1
| #define _POSIX_PTHREAD_SEMANTICS 1
| #define _TANDEM_SOURCE 1
| #define SIZEOF_INT 4
| #define SIZEOF_LONG 8
| #define SIZEOF_LONG_LONG 8
| #define HAVE_ERRNO_H 1
| #define HAVE_STDARG_H 1
| #define HAVE_STRING_H 1
| #define HAVE_STDLIB_H 1
| #define SIZEOF_SIZE_T 8
| #define NE_FMT_SIZE_T "lu"
| #define SIZEOF_OFF_T 8
| #define NE_FMT_OFF_T "lld"
| #define SIZEOF_SSIZE_T 8
| #define NE_FMT_SSIZE_T "ld"
| #define SIZEOF_TIME_T 8
| #define NE_FMT_TIME_T "ld"
| #define TIME_WITH_SYS_TIME 1
| #define HAVE_SYS_TIME_H 1
| #define HAVE_STDINT_H 1
| #define HAVE_LOCALE_H 1
| #define HAVE_SIGNAL_H 1
| #define HAVE_PIPE 1
| #define HAVE_ISATTY 1
| #define HAVE_USLEEP 1
| #define HAVE_SHUTDOWN 1
| #define HAVE_SETLOCALE 1
| #define HAVE_GETHOSTNAME 1
| #define HAVE_DECL_STRERROR_R 1
| #define HAVE_STRERROR_R 1
| /* end confdefs.h.  */
| #include <stdio.h>
| #ifdef HAVE_SYS_TYPES_H
| # include <sys/types.h>
| #endif
| #ifdef HAVE_SYS_STAT_H
| # include <sys/stat.h>
| #endif
| #ifdef STDC_HEADERS
| # include <stdlib.h>
| # include <stddef.h>
| #else
| # ifdef HAVE_STDLIB_H
| #  include <stdlib.h>
| # endif
| #endif
| #ifdef HAVE_STRING_H
| # if !defined STDC_HEADERS && defined HAVE_MEMORY_H
| #  include <memory.h>
| # endif
| # include <string.h>
| #endif
| #ifdef HAVE_STRINGS_H
| # include <strings.h>
| #endif
| #ifdef HAVE_INTTYPES_H
| # include <inttypes.h>
| #endif
| #ifdef HAVE_STDINT_H
| # include <stdint.h>
| #endif
| #ifdef HAVE_UNISTD_H
| # include <unistd.h>
| #endif
| int
| main ()
| {
| 
| 	  char buf[100];
| 	  char x = *strerror_r (0, buf, sizeof buf);
| 	  char *p = strerror_r (0, buf, sizeof buf);
| 	  return !p || x;
| 
|   ;
|   return 0;
| }
configure:5242: result: no
configure:5254: checking for snprintf
configure:5254: gcc -o conftest -I/opt/boxen/homebrew/include  -no-cpp-precomp -L/opt/boxen/homebrew/lib -flat_namespace conftest.c  >&5
conftest.c:76:6: warning: incompatible redeclaration of library function 'snprintf' [-Wincompatible-library-redeclaration]
char snprintf ();
     ^
conftest.c:76:6: note: 'snprintf' is a builtin with type 'int (char *, unsigned long, const char *, ...)'
1 warning generated.
configure:5254: $? = 0
configure:5254: result: yes
configure:5254: checking for vsnprintf
configure:5254: gcc -o conftest -I/opt/boxen/homebrew/include  -no-cpp-precomp -L/opt/boxen/homebrew/lib -flat_namespace conftest.c  >&5
conftest.c:77:6: warning: incompatible redeclaration of library function 'vsnprintf' [-Wincompatible-library-redeclaration]
char vsnprintf ();
     ^
conftest.c:77:6: note: 'vsnprintf' is a builtin with type 'int (char *, unsigned long, const char *, __va_list_tag *)'
1 warning generated.
configure:5254: $? = 0
configure:5254: result: yes
configure:5378: checking for neon-config
configure:5409: result: none
configure:5418: no external neon library found
configure:6127: using bundled neon (0.29.6)
configure:6142: checking for sys/time.h
configure:6142: result: yes
configure:6142: checking for limits.h
configure:6142: gcc -c -I/opt/boxen/homebrew/include  -no-cpp-precomp conftest.c >&5
configure:6142: $? = 0
configure:6142: result: yes
configure:6142: checking for sys/select.h
configure:6142: gcc -c -I/opt/boxen/homebrew/include  -no-cpp-precomp conftest.c >&5
configure:6142: $? = 0
configure:6142: result: yes
configure:6142: checking for arpa/inet.h
configure:6142: gcc -c -I/opt/boxen/homebrew/include  -no-cpp-precomp conftest.c >&5
configure:6142: $? = 0
configure:6142: result: yes
configure:6142: checking for libintl.h
configure:6142: gcc -c -I/opt/boxen/homebrew/include  -no-cpp-precomp conftest.c >&5
conftest.c:101:10: fatal error: 'libintl.h' file not found
#include <libintl.h>
         ^
1 error generated.
configure:6142: $? = 1
configure: failed program was:
| /* confdefs.h */
| #define PACKAGE_NAME "litmus"
| #define PACKAGE_TARNAME "litmus"
| #define PACKAGE_VERSION "0.13"
| #define PACKAGE_STRING "litmus 0.13"
| #define PACKAGE_BUGREPORT "litmus@lists.manyfish.co.uk"
| #define PACKAGE_URL ""
| #define _GNU_SOURCE 1
| #define STDC_HEADERS 1
| #define HAVE_SYS_TYPES_H 1
| #define HAVE_SYS_STAT_H 1
| #define HAVE_STDLIB_H 1
| #define HAVE_STRING_H 1
| #define HAVE_MEMORY_H 1
| #define HAVE_STRINGS_H 1
| #define HAVE_INTTYPES_H 1
| #define HAVE_STDINT_H 1
| #define HAVE_UNISTD_H 1
| #define __EXTENSIONS__ 1
| #define _ALL_SOURCE 1
| #define _GNU_SOURCE 1
| #define _POSIX_PTHREAD_SEMANTICS 1
| #define _TANDEM_SOURCE 1
| #define SIZEOF_INT 4
| #define SIZEOF_LONG 8
| #define SIZEOF_LONG_LONG 8
| #define HAVE_ERRNO_H 1
| #define HAVE_STDARG_H 1
| #define HAVE_STRING_H 1
| #define HAVE_STDLIB_H 1
| #define SIZEOF_SIZE_T 8
| #define NE_FMT_SIZE_T "lu"
| #define SIZEOF_OFF_T 8
| #define NE_FMT_OFF_T "lld"
| #define SIZEOF_SSIZE_T 8
| #define NE_FMT_SSIZE_T "ld"
| #define SIZEOF_TIME_T 8
| #define NE_FMT_TIME_T "ld"
| #define TIME_WITH_SYS_TIME 1
| #define HAVE_SYS_TIME_H 1
| #define HAVE_STDINT_H 1
| #define HAVE_LOCALE_H 1
| #define HAVE_SIGNAL_H 1
| #define HAVE_PIPE 1
| #define HAVE_ISATTY 1
| #define HAVE_USLEEP 1
| #define HAVE_SHUTDOWN 1
| #define HAVE_SETLOCALE 1
| #define HAVE_GETHOSTNAME 1
| #define HAVE_DECL_STRERROR_R 1
| #define HAVE_STRERROR_R 1
| #define HAVE_SNPRINTF 1
| #define HAVE_VSNPRINTF 1
| #define NEON_VERSION "0.29.6"
| #define NE_VERSION_MAJOR (0)
| #define NE_VERSION_MINOR (29)
| #define NE_VERSION_PATCH (6)
| #define HAVE_SYS_TIME_H 1
| #define HAVE_LIMITS_H 1
| #define HAVE_SYS_SELECT_H 1
| #define HAVE_ARPA_INET_H 1
| /* end confdefs.h.  */
| #include <stdio.h>
| #ifdef HAVE_SYS_TYPES_H
| # include <sys/types.h>
| #endif
| #ifdef HAVE_SYS_STAT_H
| # include <sys/stat.h>
| #endif
| #ifdef STDC_HEADERS
| # include <stdlib.h>
| # include <stddef.h>
| #else
| # ifdef HAVE_STDLIB_H
| #  include <stdlib.h>
| # endif
| #endif
| #ifdef HAVE_STRING_H
| # if !defined STDC_HEADERS && defined HAVE_MEMORY_H
| #  include <memory.h>
| # endif
| # include <string.h>
| #endif
| #ifdef HAVE_STRINGS_H
| # include <strings.h>
| #endif
| #ifdef HAVE_INTTYPES_H
| # include <inttypes.h>
| #endif
| #ifdef HAVE_STDINT_H
| # include <stdint.h>
| #endif
| #ifdef HAVE_UNISTD_H
| # include <unistd.h>
| #endif
| /* netinet/tcp.h requires netinet/in.h on some platforms. */
| #ifdef HAVE_NETINET_IN_H
| #include <netinet/in.h>
| #endif
| 
| #include <libintl.h>
configure:6142: result: no
configure:6142: checking for signal.h
configure:6142: result: yes
configure:6142: checking for sys/socket.h
configure:6142: gcc -c -I/opt/boxen/homebrew/include  -no-cpp-precomp conftest.c >&5
configure:6142: $? = 0
configure:6142: result: yes
configure:6142: checking for netinet/in.h
configure:6142: gcc -c -I/opt/boxen/homebrew/include  -no-cpp-precomp conftest.c >&5
configure:6142: $? = 0
configure:6142: result: yes
configure:6142: checking for netinet/tcp.h
configure:6142: gcc -c -I/opt/boxen/homebrew/include  -no-cpp-precomp conftest.c >&5
configure:6142: $? = 0
configure:6142: result: yes
configure:6142: checking for netdb.h
configure:6142: gcc -c -I/opt/boxen/homebrew/include  -no-cpp-precomp conftest.c >&5
configure:6142: $? = 0
configure:6142: result: yes
configure:6142: checking for sys/poll.h
configure:6142: gcc -c -I/opt/boxen/homebrew/include  -no-cpp-precomp conftest.c >&5
configure:6142: $? = 0
configure:6142: result: yes
configure:6142: checking for sys/limits.h
configure:6142: gcc -c -I/opt/boxen/homebrew/include  -no-cpp-precomp conftest.c >&5
conftest.c:107:10: fatal error: 'sys/limits.h' file not found
#include <sys/limits.h>
         ^
1 error generated.
configure:6142: $? = 1
configure: failed program was:
| /* confdefs.h */
| #define PACKAGE_NAME "litmus"
| #define PACKAGE_TARNAME "litmus"
| #define PACKAGE_VERSION "0.13"
| #define PACKAGE_STRING "litmus 0.13"
| #define PACKAGE_BUGREPORT "litmus@lists.manyfish.co.uk"
| #define PACKAGE_URL ""
| #define _GNU_SOURCE 1
| #define STDC_HEADERS 1
| #define HAVE_SYS_TYPES_H 1
| #define HAVE_SYS_STAT_H 1
| #define HAVE_STDLIB_H 1
| #define HAVE_STRING_H 1
| #define HAVE_MEMORY_H 1
| #define HAVE_STRINGS_H 1
| #define HAVE_INTTYPES_H 1
| #define HAVE_STDINT_H 1
| #define HAVE_UNISTD_H 1
| #define __EXTENSIONS__ 1
| #define _ALL_SOURCE 1
| #define _GNU_SOURCE 1
| #define _POSIX_PTHREAD_SEMANTICS 1
| #define _TANDEM_SOURCE 1
| #define SIZEOF_INT 4
| #define SIZEOF_LONG 8
| #define SIZEOF_LONG_LONG 8
| #define HAVE_ERRNO_H 1
| #define HAVE_STDARG_H 1
| #define HAVE_STRING_H 1
| #define HAVE_STDLIB_H 1
| #define SIZEOF_SIZE_T 8
| #define NE_FMT_SIZE_T "lu"
| #define SIZEOF_OFF_T 8
| #define NE_FMT_OFF_T "lld"
| #define SIZEOF_SSIZE_T 8
| #define NE_FMT_SSIZE_T "ld"
| #define SIZEOF_TIME_T 8
| #define NE_FMT_TIME_T "ld"
| #define TIME_WITH_SYS_TIME 1
| #define HAVE_SYS_TIME_H 1
| #define HAVE_STDINT_H 1
| #define HAVE_LOCALE_H 1
| #define HAVE_SIGNAL_H 1
| #define HAVE_PIPE 1
| #define HAVE_ISATTY 1
| #define HAVE_USLEEP 1
| #define HAVE_SHUTDOWN 1
| #define HAVE_SETLOCALE 1
| #define HAVE_GETHOSTNAME 1
| #define HAVE_DECL_STRERROR_R 1
| #define HAVE_STRERROR_R 1
| #define HAVE_SNPRINTF 1
| #define HAVE_VSNPRINTF 1
| #define NEON_VERSION "0.29.6"
| #define NE_VERSION_MAJOR (0)
| #define NE_VERSION_MINOR (29)
| #define NE_VERSION_PATCH (6)
| #define HAVE_SYS_TIME_H 1
| #define HAVE_LIMITS_H 1
| #define HAVE_SYS_SELECT_H 1
| #define HAVE_ARPA_INET_H 1
| #define HAVE_SIGNAL_H 1
| #define HAVE_SYS_SOCKET_H 1
| #define HAVE_NETINET_IN_H 1
| #define HAVE_NETINET_TCP_H 1
| #define HAVE_NETDB_H 1
| #define HAVE_SYS_POLL_H 1
| /* end confdefs.h.  */
| #include <stdio.h>
| #ifdef HAVE_SYS_TYPES_H
| # include <sys/types.h>
| #endif
| #ifdef HAVE_SYS_STAT_H
| # include <sys/stat.h>
| #endif
| #ifdef STDC_HEADERS
| # include <stdlib.h>
| # include <stddef.h>
| #else
| # ifdef HAVE_STDLIB_H
| #  include <stdlib.h>
| # endif
| #endif
| #ifdef HAVE_STRING_H
| # if !defined STDC_HEADERS && defined HAVE_MEMORY_H
| #  include <memory.h>
| # endif
| # include <string.h>
| #endif
| #ifdef HAVE_STRINGS_H
| # include <strings.h>
| #endif
| #ifdef HAVE_INTTYPES_H
| # include <inttypes.h>
| #endif
| #ifdef HAVE_STDINT_H
| # include <stdint.h>
| #endif
| #ifdef HAVE_UNISTD_H
| # include <unistd.h>
| #endif
| /* netinet/tcp.h requires netinet/in.h on some platforms. */
| #ifdef HAVE_NETINET_IN_H
| #include <netinet/in.h>
| #endif
| 
| #include <sys/limits.h>
configure:6142: result: no
configure:6142: checking for fcntl.h
configure:6142: gcc -c -I/opt/boxen/homebrew/include  -no-cpp-precomp conftest.c >&5
configure:6142: $? = 0
configure:6142: result: yes
configure:6142: checking for iconv.h
configure:6142: gcc -c -I/opt/boxen/homebrew/include  -no-cpp-precomp conftest.c >&5
configure:6142: $? = 0
configure:6142: result: yes
configure:6160: checking for timezone global
configure:6178: gcc -o conftest -I/opt/boxen/homebrew/include  -no-cpp-precomp -L/opt/boxen/homebrew/lib -flat_namespace conftest.c  >&5
configure:6178: $? = 0
configure:6186: result: yes
configure:6211: LFS support unnecessary, off_t is not 32-bit
configure:6217: checking for strtoll
configure:6217: gcc -o conftest -I/opt/boxen/homebrew/include  -no-cpp-precomp -L/opt/boxen/homebrew/lib -flat_namespace conftest.c  >&5
configure:6217: $? = 0
configure:6217: result: yes
configure:6422: checking for strcasecmp
configure:6422: gcc -o conftest -I/opt/boxen/homebrew/include  -no-cpp-precomp -L/opt/boxen/homebrew/lib -flat_namespace conftest.c  >&5
conftest.c:97:6: warning: incompatible redeclaration of library function 'strcasecmp' [-Wincompatible-library-redeclaration]
char strcasecmp ();
     ^
conftest.c:97:6: note: 'strcasecmp' is a builtin with type 'int (const char *, const char *)'
1 warning generated.
configure:6422: $? = 0
configure:6422: result: yes
configure:6440: checking for signal
configure:6440: gcc -o conftest -I/opt/boxen/homebrew/include  -no-cpp-precomp -L/opt/boxen/homebrew/lib -flat_namespace conftest.c  >&5
configure:6440: $? = 0
configure:6440: result: yes
configure:6440: checking for setvbuf
configure:6440: gcc -o conftest -I/opt/boxen/homebrew/include  -no-cpp-precomp -L/opt/boxen/homebrew/lib -flat_namespace conftest.c  >&5
configure:6440: $? = 0
configure:6440: result: yes
configure:6440: checking for setsockopt
configure:6440: gcc -o conftest -I/opt/boxen/homebrew/include  -no-cpp-precomp -L/opt/boxen/homebrew/lib -flat_namespace conftest.c  >&5
configure:6440: $? = 0
configure:6440: result: yes
configure:6440: checking for stpcpy
configure:6440: gcc -o conftest -I/opt/boxen/homebrew/include  -no-cpp-precomp -L/opt/boxen/homebrew/lib -flat_namespace conftest.c  >&5
conftest.c:101:6: warning: incompatible redeclaration of library function 'stpcpy' [-Wincompatible-library-redeclaration]
char stpcpy ();
     ^
conftest.c:101:6: note: 'stpcpy' is a builtin with type 'char *(char *, const char *)'
1 warning generated.
configure:6440: $? = 0
configure:6440: result: yes
configure:6440: checking for poll
configure:6440: result: no
configure:6440: checking for fcntl
configure:6440: gcc -o conftest -I/opt/boxen/homebrew/include  -no-cpp-precomp -L/opt/boxen/homebrew/lib -flat_namespace conftest.c  >&5
configure:6440: $? = 0
configure:6440: result: yes
configure:6440: checking for getsockopt
configure:6440: gcc -o conftest -I/opt/boxen/homebrew/include  -no-cpp-precomp -L/opt/boxen/homebrew/lib -flat_namespace conftest.c  >&5
configure:6440: $? = 0
configure:6440: result: yes
configure:6457: checking whether stpcpy is declared
configure:6457: gcc -c -I/opt/boxen/homebrew/include  -no-cpp-precomp conftest.c >&5
configure:6457: $? = 0
configure:6457: result: yes
configure:6480: checking for library containing socket
configure:6497: gcc -o conftest -I/opt/boxen/homebrew/include  -no-cpp-precomp -L/opt/boxen/homebrew/lib -flat_namespace conftest.c  >&5
conftest.c:86:1: warning: implicit declaration of function 'socket' is invalid in C99 [-Wimplicit-function-declaration]
socket();
^
1 warning generated.
configure:6497: $? = 0
configure:6534: result: none needed
configure:6552: checking for library containing getaddrinfo
configure:6569: gcc -o conftest -I/opt/boxen/homebrew/include  -no-cpp-precomp -L/opt/boxen/homebrew/lib -flat_namespace conftest.c  >&5
conftest.c:86:1: warning: implicit declaration of function 'getaddrinfo' is invalid in C99 [-Wimplicit-function-declaration]
getaddrinfo();
^
1 warning generated.
configure:6569: $? = 0
configure:6606: result: none needed
configure:6626: checking for gai_strerror
configure:6626: gcc -o conftest -I/opt/boxen/homebrew/include  -no-cpp-precomp -L/opt/boxen/homebrew/lib -flat_namespace conftest.c   >&5
configure:6626: $? = 0
configure:6626: result: yes
configure:6626: checking for getnameinfo
configure:6626: gcc -o conftest -I/opt/boxen/homebrew/include  -no-cpp-precomp -L/opt/boxen/homebrew/lib -flat_namespace conftest.c   >&5
configure:6626: $? = 0
configure:6626: result: yes
configure:6626: checking for inet_ntop
configure:6626: gcc -o conftest -I/opt/boxen/homebrew/include  -no-cpp-precomp -L/opt/boxen/homebrew/lib -flat_namespace conftest.c   >&5
configure:6626: $? = 0
configure:6626: result: yes
configure:6626: checking for inet_pton
configure:6626: gcc -o conftest -I/opt/boxen/homebrew/include  -no-cpp-precomp -L/opt/boxen/homebrew/lib -flat_namespace conftest.c   >&5
configure:6626: $? = 0
configure:6626: result: yes
configure:6680: IPv6 support is enabled
configure:6686: checking for working AI_ADDRCONFIG
configure:6709: gcc -o conftest -I/opt/boxen/homebrew/include  -no-cpp-precomp -L/opt/boxen/homebrew/lib -flat_namespace conftest.c  >&5
configure:6709: $? = 0
configure:6709: ./conftest
configure:6709: $? = 0
configure:6719: result: yes
configure:6917: checking for socklen_t
configure:6917: gcc -c -I/opt/boxen/homebrew/include  -no-cpp-precomp conftest.c >&5
configure:6917: $? = 0
configure:6917: gcc -c -I/opt/boxen/homebrew/include  -no-cpp-precomp conftest.c >&5
conftest.c:101:24: error: expected expression
if (sizeof ((socklen_t)))
                       ^
1 error generated.
configure:6917: $? = 1
configure: failed program was:
| /* confdefs.h */
| #define PACKAGE_NAME "litmus"
| #define PACKAGE_TARNAME "litmus"
| #define PACKAGE_VERSION "0.13"
| #define PACKAGE_STRING "litmus 0.13"
| #define PACKAGE_BUGREPORT "litmus@lists.manyfish.co.uk"
| #define PACKAGE_URL ""
| #define _GNU_SOURCE 1
| #define STDC_HEADERS 1
| #define HAVE_SYS_TYPES_H 1
| #define HAVE_SYS_STAT_H 1
| #define HAVE_STDLIB_H 1
| #define HAVE_STRING_H 1
| #define HAVE_MEMORY_H 1
| #define HAVE_STRINGS_H 1
| #define HAVE_INTTYPES_H 1
| #define HAVE_STDINT_H 1
| #define HAVE_UNISTD_H 1
| #define __EXTENSIONS__ 1
| #define _ALL_SOURCE 1
| #define _GNU_SOURCE 1
| #define _POSIX_PTHREAD_SEMANTICS 1
| #define _TANDEM_SOURCE 1
| #define SIZEOF_INT 4
| #define SIZEOF_LONG 8
| #define SIZEOF_LONG_LONG 8
| #define HAVE_ERRNO_H 1
| #define HAVE_STDARG_H 1
| #define HAVE_STRING_H 1
| #define HAVE_STDLIB_H 1
| #define SIZEOF_SIZE_T 8
| #define NE_FMT_SIZE_T "lu"
| #define SIZEOF_OFF_T 8
| #define NE_FMT_OFF_T "lld"
| #define SIZEOF_SSIZE_T 8
| #define NE_FMT_SSIZE_T "ld"
| #define SIZEOF_TIME_T 8
| #define NE_FMT_TIME_T "ld"
| #define TIME_WITH_SYS_TIME 1
| #define HAVE_SYS_TIME_H 1
| #define HAVE_STDINT_H 1
| #define HAVE_LOCALE_H 1
| #define HAVE_SIGNAL_H 1
| #define HAVE_PIPE 1
| #define HAVE_ISATTY 1
| #define HAVE_USLEEP 1
| #define HAVE_SHUTDOWN 1
| #define HAVE_SETLOCALE 1
| #define HAVE_GETHOSTNAME 1
| #define HAVE_DECL_STRERROR_R 1
| #define HAVE_STRERROR_R 1
| #define HAVE_SNPRINTF 1
| #define HAVE_VSNPRINTF 1
| #define NEON_VERSION "0.29.6"
| #define NE_VERSION_MAJOR (0)
| #define NE_VERSION_MINOR (29)
| #define NE_VERSION_PATCH (6)
| #define HAVE_SYS_TIME_H 1
| #define HAVE_LIMITS_H 1
| #define HAVE_SYS_SELECT_H 1
| #define HAVE_ARPA_INET_H 1
| #define HAVE_SIGNAL_H 1
| #define HAVE_SYS_SOCKET_H 1
| #define HAVE_NETINET_IN_H 1
| #define HAVE_NETINET_TCP_H 1
| #define HAVE_NETDB_H 1
| #define HAVE_SYS_POLL_H 1
| #define HAVE_FCNTL_H 1
| #define HAVE_ICONV_H 1
| #define HAVE_TIMEZONE 1
| #define HAVE_STRTOLL 1
| #define NE_FMT_NE_OFF_T NE_FMT_OFF_T
| #define HAVE_STRCASECMP 1
| #define HAVE_SIGNAL 1
| #define HAVE_SETVBUF 1
| #define HAVE_SETSOCKOPT 1
| #define HAVE_STPCPY 1
| #define HAVE_FCNTL 1
| #define HAVE_GETSOCKOPT 1
| #define HAVE_DECL_STPCPY 1
| #define HAVE_GAI_STRERROR 1
| #define HAVE_GETNAMEINFO 1
| #define HAVE_INET_NTOP 1
| #define HAVE_INET_PTON 1
| #define NE_HAVE_IPV6 1
| #define USE_GETADDRINFO 1
| #define USE_GAI_ADDRCONFIG 1
| /* end confdefs.h.  */
| 
| #ifdef HAVE_SYS_TYPES_H
| # include <sys/types.h>
| #endif
| #ifdef HAVE_SYS_SOCKET_H
| # include <sys/socket.h>
| #endif
| 
| 
| int
| main ()
| {
| if (sizeof ((socklen_t)))
| 	    return 0;
|   ;
|   return 0;
| }
configure:6917: result: yes
configure:6941: checking for struct tm.tm_gmtoff
configure:6941: gcc -c -I/opt/boxen/homebrew/include  -no-cpp-precomp conftest.c >&5
configure:6941: $? = 0
configure:6941: result: yes
configure:6951: checking for struct tm.__tm_gmtoff
configure:6951: gcc -c -I/opt/boxen/homebrew/include  -no-cpp-precomp conftest.c >&5
conftest.c:97:13: error: no member named '__tm_gmtoff' in 'struct tm'; did you mean 'tm_gmtoff'?
if (ac_aggr.__tm_gmtoff)
            ^~~~~~~~~~~
            tm_gmtoff
/usr/include/time.h:83:7: note: 'tm_gmtoff' declared here
        long    tm_gmtoff;      /* offset from CUT in seconds */
                ^
1 error generated.
configure:6951: $? = 1
configure: failed program was:
| /* confdefs.h */
| #define PACKAGE_NAME "litmus"
| #define PACKAGE_TARNAME "litmus"
| #define PACKAGE_VERSION "0.13"
| #define PACKAGE_STRING "litmus 0.13"
| #define PACKAGE_BUGREPORT "litmus@lists.manyfish.co.uk"
| #define PACKAGE_URL ""
| #define _GNU_SOURCE 1
| #define STDC_HEADERS 1
| #define HAVE_SYS_TYPES_H 1
| #define HAVE_SYS_STAT_H 1
| #define HAVE_STDLIB_H 1
| #define HAVE_STRING_H 1
| #define HAVE_MEMORY_H 1
| #define HAVE_STRINGS_H 1
| #define HAVE_INTTYPES_H 1
| #define HAVE_STDINT_H 1
| #define HAVE_UNISTD_H 1
| #define __EXTENSIONS__ 1
| #define _ALL_SOURCE 1
| #define _GNU_SOURCE 1
| #define _POSIX_PTHREAD_SEMANTICS 1
| #define _TANDEM_SOURCE 1
| #define SIZEOF_INT 4
| #define SIZEOF_LONG 8
| #define SIZEOF_LONG_LONG 8
| #define HAVE_ERRNO_H 1
| #define HAVE_STDARG_H 1
| #define HAVE_STRING_H 1
| #define HAVE_STDLIB_H 1
| #define SIZEOF_SIZE_T 8
| #define NE_FMT_SIZE_T "lu"
| #define SIZEOF_OFF_T 8
| #define NE_FMT_OFF_T "lld"
| #define SIZEOF_SSIZE_T 8
| #define NE_FMT_SSIZE_T "ld"
| #define SIZEOF_TIME_T 8
| #define NE_FMT_TIME_T "ld"
| #define TIME_WITH_SYS_TIME 1
| #define HAVE_SYS_TIME_H 1
| #define HAVE_STDINT_H 1
| #define HAVE_LOCALE_H 1
| #define HAVE_SIGNAL_H 1
| #define HAVE_PIPE 1
| #define HAVE_ISATTY 1
| #define HAVE_USLEEP 1
| #define HAVE_SHUTDOWN 1
| #define HAVE_SETLOCALE 1
| #define HAVE_GETHOSTNAME 1
| #define HAVE_DECL_STRERROR_R 1
| #define HAVE_STRERROR_R 1
| #define HAVE_SNPRINTF 1
| #define HAVE_VSNPRINTF 1
| #define NEON_VERSION "0.29.6"
| #define NE_VERSION_MAJOR (0)
| #define NE_VERSION_MINOR (29)
| #define NE_VERSION_PATCH (6)
| #define HAVE_SYS_TIME_H 1
| #define HAVE_LIMITS_H 1
| #define HAVE_SYS_SELECT_H 1
| #define HAVE_ARPA_INET_H 1
| #define HAVE_SIGNAL_H 1
| #define HAVE_SYS_SOCKET_H 1
| #define HAVE_NETINET_IN_H 1
| #define HAVE_NETINET_TCP_H 1
| #define HAVE_NETDB_H 1
| #define HAVE_SYS_POLL_H 1
| #define HAVE_FCNTL_H 1
| #define HAVE_ICONV_H 1
| #define HAVE_TIMEZONE 1
| #define HAVE_STRTOLL 1
| #define NE_FMT_NE_OFF_T NE_FMT_OFF_T
| #define HAVE_STRCASECMP 1
| #define HAVE_SIGNAL 1
| #define HAVE_SETVBUF 1
| #define HAVE_SETSOCKOPT 1
| #define HAVE_STPCPY 1
| #define HAVE_FCNTL 1
| #define HAVE_GETSOCKOPT 1
| #define HAVE_DECL_STPCPY 1
| #define HAVE_GAI_STRERROR 1
| #define HAVE_GETNAMEINFO 1
| #define HAVE_INET_NTOP 1
| #define HAVE_INET_PTON 1
| #define NE_HAVE_IPV6 1
| #define USE_GETADDRINFO 1
| #define USE_GAI_ADDRCONFIG 1
| #define HAVE_SOCKLEN_T 1
| #define HAVE_STRUCT_TM_TM_GMTOFF 1
| /* end confdefs.h.  */
| #include <time.h>
| 
| int
| main ()
| {
| static struct tm ac_aggr;
| if (ac_aggr.__tm_gmtoff)
| return 0;
|   ;
|   return 0;
| }
configure:6951: gcc -c -I/opt/boxen/homebrew/include  -no-cpp-precomp conftest.c >&5
conftest.c:97:20: error: no member named '__tm_gmtoff' in 'struct tm'; did you mean 'tm_gmtoff'?
if (sizeof ac_aggr.__tm_gmtoff)
                   ^~~~~~~~~~~
                   tm_gmtoff
/usr/include/time.h:83:7: note: 'tm_gmtoff' declared here
        long    tm_gmtoff;      /* offset from CUT in seconds */
                ^
1 error generated.
configure:6951: $? = 1
configure: failed program was:
| /* confdefs.h */
| #define PACKAGE_NAME "litmus"
| #define PACKAGE_TARNAME "litmus"
| #define PACKAGE_VERSION "0.13"
| #define PACKAGE_STRING "litmus 0.13"
| #define PACKAGE_BUGREPORT "litmus@lists.manyfish.co.uk"
| #define PACKAGE_URL ""
| #define _GNU_SOURCE 1
| #define STDC_HEADERS 1
| #define HAVE_SYS_TYPES_H 1
| #define HAVE_SYS_STAT_H 1
| #define HAVE_STDLIB_H 1
| #define HAVE_STRING_H 1
| #define HAVE_MEMORY_H 1
| #define HAVE_STRINGS_H 1
| #define HAVE_INTTYPES_H 1
| #define HAVE_STDINT_H 1
| #define HAVE_UNISTD_H 1
| #define __EXTENSIONS__ 1
| #define _ALL_SOURCE 1
| #define _GNU_SOURCE 1
| #define _POSIX_PTHREAD_SEMANTICS 1
| #define _TANDEM_SOURCE 1
| #define SIZEOF_INT 4
| #define SIZEOF_LONG 8
| #define SIZEOF_LONG_LONG 8
| #define HAVE_ERRNO_H 1
| #define HAVE_STDARG_H 1
| #define HAVE_STRING_H 1
| #define HAVE_STDLIB_H 1
| #define SIZEOF_SIZE_T 8
| #define NE_FMT_SIZE_T "lu"
| #define SIZEOF_OFF_T 8
| #define NE_FMT_OFF_T "lld"
| #define SIZEOF_SSIZE_T 8
| #define NE_FMT_SSIZE_T "ld"
| #define SIZEOF_TIME_T 8
| #define NE_FMT_TIME_T "ld"
| #define TIME_WITH_SYS_TIME 1
| #define HAVE_SYS_TIME_H 1
| #define HAVE_STDINT_H 1
| #define HAVE_LOCALE_H 1
| #define HAVE_SIGNAL_H 1
| #define HAVE_PIPE 1
| #define HAVE_ISATTY 1
| #define HAVE_USLEEP 1
| #define HAVE_SHUTDOWN 1
| #define HAVE_SETLOCALE 1
| #define HAVE_GETHOSTNAME 1
| #define HAVE_DECL_STRERROR_R 1
| #define HAVE_STRERROR_R 1
| #define HAVE_SNPRINTF 1
| #define HAVE_VSNPRINTF 1
| #define NEON_VERSION "0.29.6"
| #define NE_VERSION_MAJOR (0)
| #define NE_VERSION_MINOR (29)
| #define NE_VERSION_PATCH (6)
| #define HAVE_SYS_TIME_H 1
| #define HAVE_LIMITS_H 1
| #define HAVE_SYS_SELECT_H 1
| #define HAVE_ARPA_INET_H 1
| #define HAVE_SIGNAL_H 1
| #define HAVE_SYS_SOCKET_H 1
| #define HAVE_NETINET_IN_H 1
| #define HAVE_NETINET_TCP_H 1
| #define HAVE_NETDB_H 1
| #define HAVE_SYS_POLL_H 1
| #define HAVE_FCNTL_H 1
| #define HAVE_ICONV_H 1
| #define HAVE_TIMEZONE 1
| #define HAVE_STRTOLL 1
| #define NE_FMT_NE_OFF_T NE_FMT_OFF_T
| #define HAVE_STRCASECMP 1
| #define HAVE_SIGNAL 1
| #define HAVE_SETVBUF 1
| #define HAVE_SETSOCKOPT 1
| #define HAVE_STPCPY 1
| #define HAVE_FCNTL 1
| #define HAVE_GETSOCKOPT 1
| #define HAVE_DECL_STPCPY 1
| #define HAVE_GAI_STRERROR 1
| #define HAVE_GETNAMEINFO 1
| #define HAVE_INET_NTOP 1
| #define HAVE_INET_PTON 1
| #define NE_HAVE_IPV6 1
| #define USE_GETADDRINFO 1
| #define USE_GAI_ADDRCONFIG 1
| #define HAVE_SOCKLEN_T 1
| #define HAVE_STRUCT_TM_TM_GMTOFF 1
| /* end confdefs.h.  */
| #include <time.h>
| 
| int
| main ()
| {
| static struct tm ac_aggr;
| if (sizeof ac_aggr.__tm_gmtoff)
| return 0;
|   ;
|   return 0;
| }
configure:6951: result: no
configure:6972: zlib not supported
configure:6977: checking whether to enable ACL support in neon
configure:6980: result: no
configure:7848: SSL support is not enabled
configure:7855: Thread-safe SSL support is not enabled
configure:7929: Thread-safe SSL not supported
configure:8035: checking for krb5-config
configure:8054: found /usr/bin/krb5-config
configure:8067: result: /usr/bin/krb5-config
configure:8087: checking gssapi/gssapi.h usability
configure:8087: gcc -c -I/opt/boxen/homebrew/include  -no-cpp-precomp  conftest.c >&5
configure:8087: $? = 0
configure:8087: result: yes
configure:8087: checking gssapi/gssapi.h presence
configure:8087: gcc -E  -no-cpp-precomp  conftest.c
configure:8087: $? = 0
configure:8087: result: yes
configure:8087: checking for gssapi/gssapi.h
configure:8087: result: yes
configure:8098: checking for gss_init_sec_context
configure:8098: gcc -o conftest -I/opt/boxen/homebrew/include  -no-cpp-precomp  -L/opt/boxen/homebrew/lib -flat_namespace conftest.c   -dynamic -Wl,-search_paths_first -lkrb5 >&5
configure:8098: $? = 0
configure:8098: result: yes
configure:8106: GSSAPI authentication support enabled
configure:8113: checking gssapi/gssapi_generic.h usability
configure:8113: gcc -c -I/opt/boxen/homebrew/include  -no-cpp-precomp  conftest.c >&5
configure:8113: $? = 0
configure:8113: result: yes
configure:8113: checking gssapi/gssapi_generic.h presence
configure:8113: gcc -E  -no-cpp-precomp  conftest.c
configure:8113: $? = 0
configure:8113: result: yes
configure:8113: checking for gssapi/gssapi_generic.h
configure:8113: result: yes
configure:8124: checking whether GSS_C_NT_HOSTBASED_SERVICE is declared
configure:8124: gcc -c -I/opt/boxen/homebrew/include  -no-cpp-precomp  conftest.c >&5
configure:8124: $? = 0
configure:8124: result: yes
configure:8164: checking for pkg-config
configure:8182: found /opt/boxen/homebrew/bin/pkg-config
configure:8195: result: /opt/boxen/homebrew/bin/pkg-config
configure:8213: checking for libproxy-1.0 pkg-config data
configure:8224: result: no
configure:8252: libproxy support not enabled
configure:8339: WebDAV support is enabled
configure:8649: checking expat.h usability
configure:8649: gcc -c -I/opt/boxen/homebrew/include -I$(top_srcdir)/lib/neon  -no-cpp-precomp  conftest.c >&5
configure:8649: $? = 0
configure:8649: result: yes
configure:8649: checking expat.h presence
configure:8649: gcc -E  -no-cpp-precomp  conftest.c
configure:8649: $? = 0
configure:8649: result: yes
configure:8649: checking for expat.h
configure:8649: result: yes
configure:8651: checking for XML_SetXmlDeclHandler in -lexpat
configure:8676: gcc -o conftest -I/opt/boxen/homebrew/include -I$(top_srcdir)/lib/neon  -no-cpp-precomp  -L/opt/boxen/homebrew/lib -flat_namespace conftest.c -lexpat   >&5
configure:8676: $? = 0
configure:8685: result: yes
configure:8695: checking for XML_Size
configure:8695: gcc -c -I/opt/boxen/homebrew/include -I$(top_srcdir)/lib/neon  -no-cpp-precomp  conftest.c >&5
configure:8695: $? = 0
configure:8695: gcc -c -I/opt/boxen/homebrew/include -I$(top_srcdir)/lib/neon  -no-cpp-precomp  conftest.c >&5
conftest.c:102:23: error: expected expression
if (sizeof ((XML_Size)))
                      ^
1 error generated.
configure:8695: $? = 1
configure: failed program was:
| /* confdefs.h */
| #define PACKAGE_NAME "litmus"
| #define PACKAGE_TARNAME "litmus"
| #define PACKAGE_VERSION "0.13"
| #define PACKAGE_STRING "litmus 0.13"
| #define PACKAGE_BUGREPORT "litmus@lists.manyfish.co.uk"
| #define PACKAGE_URL ""
| #define _GNU_SOURCE 1
| #define STDC_HEADERS 1
| #define HAVE_SYS_TYPES_H 1
| #define HAVE_SYS_STAT_H 1
| #define HAVE_STDLIB_H 1
| #define HAVE_STRING_H 1
| #define HAVE_MEMORY_H 1
| #define HAVE_STRINGS_H 1
| #define HAVE_INTTYPES_H 1
| #define HAVE_STDINT_H 1
| #define HAVE_UNISTD_H 1
| #define __EXTENSIONS__ 1
| #define _ALL_SOURCE 1
| #define _GNU_SOURCE 1
| #define _POSIX_PTHREAD_SEMANTICS 1
| #define _TANDEM_SOURCE 1
| #define SIZEOF_INT 4
| #define SIZEOF_LONG 8
| #define SIZEOF_LONG_LONG 8
| #define HAVE_ERRNO_H 1
| #define HAVE_STDARG_H 1
| #define HAVE_STRING_H 1
| #define HAVE_STDLIB_H 1
| #define SIZEOF_SIZE_T 8
| #define NE_FMT_SIZE_T "lu"
| #define SIZEOF_OFF_T 8
| #define NE_FMT_OFF_T "lld"
| #define SIZEOF_SSIZE_T 8
| #define NE_FMT_SSIZE_T "ld"
| #define SIZEOF_TIME_T 8
| #define NE_FMT_TIME_T "ld"
| #define TIME_WITH_SYS_TIME 1
| #define HAVE_SYS_TIME_H 1
| #define HAVE_STDINT_H 1
| #define HAVE_LOCALE_H 1
| #define HAVE_SIGNAL_H 1
| #define HAVE_PIPE 1
| #define HAVE_ISATTY 1
| #define HAVE_USLEEP 1
| #define HAVE_SHUTDOWN 1
| #define HAVE_SETLOCALE 1
| #define HAVE_GETHOSTNAME 1
| #define HAVE_DECL_STRERROR_R 1
| #define HAVE_STRERROR_R 1
| #define HAVE_SNPRINTF 1
| #define HAVE_VSNPRINTF 1
| #define NEON_VERSION "0.29.6"
| #define NE_VERSION_MAJOR (0)
| #define NE_VERSION_MINOR (29)
| #define NE_VERSION_PATCH (6)
| #define HAVE_SYS_TIME_H 1
| #define HAVE_LIMITS_H 1
| #define HAVE_SYS_SELECT_H 1
| #define HAVE_ARPA_INET_H 1
| #define HAVE_SIGNAL_H 1
| #define HAVE_SYS_SOCKET_H 1
| #define HAVE_NETINET_IN_H 1
| #define HAVE_NETINET_TCP_H 1
| #define HAVE_NETDB_H 1
| #define HAVE_SYS_POLL_H 1
| #define HAVE_FCNTL_H 1
| #define HAVE_ICONV_H 1
| #define HAVE_TIMEZONE 1
| #define HAVE_STRTOLL 1
| #define NE_FMT_NE_OFF_T NE_FMT_OFF_T
| #define HAVE_STRCASECMP 1
| #define HAVE_SIGNAL 1
| #define HAVE_SETVBUF 1
| #define HAVE_SETSOCKOPT 1
| #define HAVE_STPCPY 1
| #define HAVE_FCNTL 1
| #define HAVE_GETSOCKOPT 1
| #define HAVE_DECL_STPCPY 1
| #define HAVE_GAI_STRERROR 1
| #define HAVE_GETNAMEINFO 1
| #define HAVE_INET_NTOP 1
| #define HAVE_INET_PTON 1
| #define NE_HAVE_IPV6 1
| #define USE_GETADDRINFO 1
| #define USE_GAI_ADDRCONFIG 1
| #define HAVE_SOCKLEN_T 1
| #define HAVE_STRUCT_TM_TM_GMTOFF 1
| #define HAVE_GSSAPI_GSSAPI_H 1
| #define HAVE_GSS_INIT_SEC_CONTEXT 1
| #define HAVE_GSSAPI 1
| #define HAVE_GSSAPI_GSSAPI_GENERIC_H 1
| #define NE_HAVE_DAV 1
| #define HAVE_EXPAT 1
| /* end confdefs.h.  */
| #include <expat.h>
| 
| int
| main ()
| {
| if (sizeof ((XML_Size)))
| 	    return 0;
|   ;
|   return 0;
| }
configure:8695: result: yes
configure:8706: checking size of XML_Size
configure:8711: gcc -o conftest -I/opt/boxen/homebrew/include -I$(top_srcdir)/lib/neon  -no-cpp-precomp  -L/opt/boxen/homebrew/lib -flat_namespace conftest.c  >&5
configure:8711: $? = 0
configure:8711: ./conftest
configure:8711: $? = 0
configure:8727: result: 8
configure:8742: checking how to print XML_Size
configure:8767: gcc -c -I/opt/boxen/homebrew/include -I$(top_srcdir)/lib/neon  -no-cpp-precomp  -Wformat -Werror conftest.c >&5
conftest.c:104:30: error: format specifies type 'int' but the argument has type 'XML_Size' (aka 'unsigned long') [-Werror,-Wformat]
XML_Size i = 1; printf("%d", i);
                        ~~   ^
                        %lu
1 error generated.
configure:8767: $? = 1
configure: failed program was:
| /* confdefs.h */
| #define PACKAGE_NAME "litmus"
| #define PACKAGE_TARNAME "litmus"
| #define PACKAGE_VERSION "0.13"
| #define PACKAGE_STRING "litmus 0.13"
| #define PACKAGE_BUGREPORT "litmus@lists.manyfish.co.uk"
| #define PACKAGE_URL ""
| #define _GNU_SOURCE 1
| #define STDC_HEADERS 1
| #define HAVE_SYS_TYPES_H 1
| #define HAVE_SYS_STAT_H 1
| #define HAVE_STDLIB_H 1
| #define HAVE_STRING_H 1
| #define HAVE_MEMORY_H 1
| #define HAVE_STRINGS_H 1
| #define HAVE_INTTYPES_H 1
| #define HAVE_STDINT_H 1
| #define HAVE_UNISTD_H 1
| #define __EXTENSIONS__ 1
| #define _ALL_SOURCE 1
| #define _GNU_SOURCE 1
| #define _POSIX_PTHREAD_SEMANTICS 1
| #define _TANDEM_SOURCE 1
| #define SIZEOF_INT 4
| #define SIZEOF_LONG 8
| #define SIZEOF_LONG_LONG 8
| #define HAVE_ERRNO_H 1
| #define HAVE_STDARG_H 1
| #define HAVE_STRING_H 1
| #define HAVE_STDLIB_H 1
| #define SIZEOF_SIZE_T 8
| #define NE_FMT_SIZE_T "lu"
| #define SIZEOF_OFF_T 8
| #define NE_FMT_OFF_T "lld"
| #define SIZEOF_SSIZE_T 8
| #define NE_FMT_SSIZE_T "ld"
| #define SIZEOF_TIME_T 8
| #define NE_FMT_TIME_T "ld"
| #define TIME_WITH_SYS_TIME 1
| #define HAVE_SYS_TIME_H 1
| #define HAVE_STDINT_H 1
| #define HAVE_LOCALE_H 1
| #define HAVE_SIGNAL_H 1
| #define HAVE_PIPE 1
| #define HAVE_ISATTY 1
| #define HAVE_USLEEP 1
| #define HAVE_SHUTDOWN 1
| #define HAVE_SETLOCALE 1
| #define HAVE_GETHOSTNAME 1
| #define HAVE_DECL_STRERROR_R 1
| #define HAVE_STRERROR_R 1
| #define HAVE_SNPRINTF 1
| #define HAVE_VSNPRINTF 1
| #define NEON_VERSION "0.29.6"
| #define NE_VERSION_MAJOR (0)
| #define NE_VERSION_MINOR (29)
| #define NE_VERSION_PATCH (6)
| #define HAVE_SYS_TIME_H 1
| #define HAVE_LIMITS_H 1
| #define HAVE_SYS_SELECT_H 1
| #define HAVE_ARPA_INET_H 1
| #define HAVE_SIGNAL_H 1
| #define HAVE_SYS_SOCKET_H 1
| #define HAVE_NETINET_IN_H 1
| #define HAVE_NETINET_TCP_H 1
| #define HAVE_NETDB_H 1
| #define HAVE_SYS_POLL_H 1
| #define HAVE_FCNTL_H 1
| #define HAVE_ICONV_H 1
| #define HAVE_TIMEZONE 1
| #define HAVE_STRTOLL 1
| #define NE_FMT_NE_OFF_T NE_FMT_OFF_T
| #define HAVE_STRCASECMP 1
| #define HAVE_SIGNAL 1
| #define HAVE_SETVBUF 1
| #define HAVE_SETSOCKOPT 1
| #define HAVE_STPCPY 1
| #define HAVE_FCNTL 1
| #define HAVE_GETSOCKOPT 1
| #define HAVE_DECL_STPCPY 1
| #define HAVE_GAI_STRERROR 1
| #define HAVE_GETNAMEINFO 1
| #define HAVE_INET_NTOP 1
| #define HAVE_INET_PTON 1
| #define NE_HAVE_IPV6 1
| #define USE_GETADDRINFO 1
| #define USE_GAI_ADDRCONFIG 1
| #define HAVE_SOCKLEN_T 1
| #define HAVE_STRUCT_TM_TM_GMTOFF 1
| #define HAVE_GSSAPI_GSSAPI_H 1
| #define HAVE_GSS_INIT_SEC_CONTEXT 1
| #define HAVE_GSSAPI 1
| #define HAVE_GSSAPI_GSSAPI_GENERIC_H 1
| #define NE_HAVE_DAV 1
| #define HAVE_EXPAT 1
| #define SIZEOF_XML_SIZE 8
| /* end confdefs.h.  */
| #include <sys/types.h>
| #include <expat.h>
| #include <stdio.h>
| int
| main ()
| {
| XML_Size i = 1; printf("%d", i);
|   ;
|   return 0;
| }
configure:8767: gcc -c -I/opt/boxen/homebrew/include -I$(top_srcdir)/lib/neon  -no-cpp-precomp  -Wformat -Werror conftest.c >&5
configure:8767: $? = 0
configure:8784: result: ld
configure:9009: XML parser used: expat
configure:9024: checking for getopt_long
configure:9024: gcc -o conftest -I/opt/boxen/homebrew/include -I$(top_srcdir)/lib/neon  -no-cpp-precomp  -L/opt/boxen/homebrew/lib -flat_namespace conftest.c  >&5
configure:9024: $? = 0
configure:9024: result: yes
configure:9051: checking size of long long
configure:9072: result: 8
configure:9087: checking how to print long long
configure:9112: gcc -c -I/opt/boxen/homebrew/include -I$(top_srcdir)/lib/neon  -no-cpp-precomp  -Wformat -Werror conftest.c >&5
conftest.c:106:31: error: format specifies type 'int' but the argument has type 'long long' [-Werror,-Wformat]
long long i = 1; printf("%d", i);
                         ~~   ^
                         %lld
1 error generated.
configure:9112: $? = 1
configure: failed program was:
| /* confdefs.h */
| #define PACKAGE_NAME "litmus"
| #define PACKAGE_TARNAME "litmus"
| #define PACKAGE_VERSION "0.13"
| #define PACKAGE_STRING "litmus 0.13"
| #define PACKAGE_BUGREPORT "litmus@lists.manyfish.co.uk"
| #define PACKAGE_URL ""
| #define _GNU_SOURCE 1
| #define STDC_HEADERS 1
| #define HAVE_SYS_TYPES_H 1
| #define HAVE_SYS_STAT_H 1
| #define HAVE_STDLIB_H 1
| #define HAVE_STRING_H 1
| #define HAVE_MEMORY_H 1
| #define HAVE_STRINGS_H 1
| #define HAVE_INTTYPES_H 1
| #define HAVE_STDINT_H 1
| #define HAVE_UNISTD_H 1
| #define __EXTENSIONS__ 1
| #define _ALL_SOURCE 1
| #define _GNU_SOURCE 1
| #define _POSIX_PTHREAD_SEMANTICS 1
| #define _TANDEM_SOURCE 1
| #define SIZEOF_INT 4
| #define SIZEOF_LONG 8
| #define SIZEOF_LONG_LONG 8
| #define HAVE_ERRNO_H 1
| #define HAVE_STDARG_H 1
| #define HAVE_STRING_H 1
| #define HAVE_STDLIB_H 1
| #define SIZEOF_SIZE_T 8
| #define NE_FMT_SIZE_T "lu"
| #define SIZEOF_OFF_T 8
| #define NE_FMT_OFF_T "lld"
| #define SIZEOF_SSIZE_T 8
| #define NE_FMT_SSIZE_T "ld"
| #define SIZEOF_TIME_T 8
| #define NE_FMT_TIME_T "ld"
| #define TIME_WITH_SYS_TIME 1
| #define HAVE_SYS_TIME_H 1
| #define HAVE_STDINT_H 1
| #define HAVE_LOCALE_H 1
| #define HAVE_SIGNAL_H 1
| #define HAVE_PIPE 1
| #define HAVE_ISATTY 1
| #define HAVE_USLEEP 1
| #define HAVE_SHUTDOWN 1
| #define HAVE_SETLOCALE 1
| #define HAVE_GETHOSTNAME 1
| #define HAVE_DECL_STRERROR_R 1
| #define HAVE_STRERROR_R 1
| #define HAVE_SNPRINTF 1
| #define HAVE_VSNPRINTF 1
| #define NEON_VERSION "0.29.6"
| #define NE_VERSION_MAJOR (0)
| #define NE_VERSION_MINOR (29)
| #define NE_VERSION_PATCH (6)
| #define HAVE_SYS_TIME_H 1
| #define HAVE_LIMITS_H 1
| #define HAVE_SYS_SELECT_H 1
| #define HAVE_ARPA_INET_H 1
| #define HAVE_SIGNAL_H 1
| #define HAVE_SYS_SOCKET_H 1
| #define HAVE_NETINET_IN_H 1
| #define HAVE_NETINET_TCP_H 1
| #define HAVE_NETDB_H 1
| #define HAVE_SYS_POLL_H 1
| #define HAVE_FCNTL_H 1
| #define HAVE_ICONV_H 1
| #define HAVE_TIMEZONE 1
| #define HAVE_STRTOLL 1
| #define NE_FMT_NE_OFF_T NE_FMT_OFF_T
| #define HAVE_STRCASECMP 1
| #define HAVE_SIGNAL 1
| #define HAVE_SETVBUF 1
| #define HAVE_SETSOCKOPT 1
| #define HAVE_STPCPY 1
| #define HAVE_FCNTL 1
| #define HAVE_GETSOCKOPT 1
| #define HAVE_DECL_STPCPY 1
| #define HAVE_GAI_STRERROR 1
| #define HAVE_GETNAMEINFO 1
| #define HAVE_INET_NTOP 1
| #define HAVE_INET_PTON 1
| #define NE_HAVE_IPV6 1
| #define USE_GETADDRINFO 1
| #define USE_GAI_ADDRCONFIG 1
| #define HAVE_SOCKLEN_T 1
| #define HAVE_STRUCT_TM_TM_GMTOFF 1
| #define HAVE_GSSAPI_GSSAPI_H 1
| #define HAVE_GSS_INIT_SEC_CONTEXT 1
| #define HAVE_GSSAPI 1
| #define HAVE_GSSAPI_GSSAPI_GENERIC_H 1
| #define NE_HAVE_DAV 1
| #define HAVE_EXPAT 1
| #define SIZEOF_XML_SIZE 8
| #define NE_FMT_XML_SIZE "ld"
| #define SIZEOF_LONG_LONG 8
| /* end confdefs.h.  */
| #include <sys/types.h>
| 
| #include <stdio.h>
| int
| main ()
| {
| long long i = 1; printf("%d", i);
|   ;
|   return 0;
| }
configure:9112: gcc -c -I/opt/boxen/homebrew/include -I$(top_srcdir)/lib/neon  -no-cpp-precomp  -Wformat -Werror conftest.c >&5
conftest.c:106:32: error: format specifies type 'long' but the argument has type 'long long' [-Werror,-Wformat]
long long i = 1; printf("%ld", i);
                         ~~~   ^
                         %lld
1 error generated.
configure:9112: $? = 1
configure: failed program was:
| /* confdefs.h */
| #define PACKAGE_NAME "litmus"
| #define PACKAGE_TARNAME "litmus"
| #define PACKAGE_VERSION "0.13"
| #define PACKAGE_STRING "litmus 0.13"
| #define PACKAGE_BUGREPORT "litmus@lists.manyfish.co.uk"
| #define PACKAGE_URL ""
| #define _GNU_SOURCE 1
| #define STDC_HEADERS 1
| #define HAVE_SYS_TYPES_H 1
| #define HAVE_SYS_STAT_H 1
| #define HAVE_STDLIB_H 1
| #define HAVE_STRING_H 1
| #define HAVE_MEMORY_H 1
| #define HAVE_STRINGS_H 1
| #define HAVE_INTTYPES_H 1
| #define HAVE_STDINT_H 1
| #define HAVE_UNISTD_H 1
| #define __EXTENSIONS__ 1
| #define _ALL_SOURCE 1
| #define _GNU_SOURCE 1
| #define _POSIX_PTHREAD_SEMANTICS 1
| #define _TANDEM_SOURCE 1
| #define SIZEOF_INT 4
| #define SIZEOF_LONG 8
| #define SIZEOF_LONG_LONG 8
| #define HAVE_ERRNO_H 1
| #define HAVE_STDARG_H 1
| #define HAVE_STRING_H 1
| #define HAVE_STDLIB_H 1
| #define SIZEOF_SIZE_T 8
| #define NE_FMT_SIZE_T "lu"
| #define SIZEOF_OFF_T 8
| #define NE_FMT_OFF_T "lld"
| #define SIZEOF_SSIZE_T 8
| #define NE_FMT_SSIZE_T "ld"
| #define SIZEOF_TIME_T 8
| #define NE_FMT_TIME_T "ld"
| #define TIME_WITH_SYS_TIME 1
| #define HAVE_SYS_TIME_H 1
| #define HAVE_STDINT_H 1
| #define HAVE_LOCALE_H 1
| #define HAVE_SIGNAL_H 1
| #define HAVE_PIPE 1
| #define HAVE_ISATTY 1
| #define HAVE_USLEEP 1
| #define HAVE_SHUTDOWN 1
| #define HAVE_SETLOCALE 1
| #define HAVE_GETHOSTNAME 1
| #define HAVE_DECL_STRERROR_R 1
| #define HAVE_STRERROR_R 1
| #define HAVE_SNPRINTF 1
| #define HAVE_VSNPRINTF 1
| #define NEON_VERSION "0.29.6"
| #define NE_VERSION_MAJOR (0)
| #define NE_VERSION_MINOR (29)
| #define NE_VERSION_PATCH (6)
| #define HAVE_SYS_TIME_H 1
| #define HAVE_LIMITS_H 1
| #define HAVE_SYS_SELECT_H 1
| #define HAVE_ARPA_INET_H 1
| #define HAVE_SIGNAL_H 1
| #define HAVE_SYS_SOCKET_H 1
| #define HAVE_NETINET_IN_H 1
| #define HAVE_NETINET_TCP_H 1
| #define HAVE_NETDB_H 1
| #define HAVE_SYS_POLL_H 1
| #define HAVE_FCNTL_H 1
| #define HAVE_ICONV_H 1
| #define HAVE_TIMEZONE 1
| #define HAVE_STRTOLL 1
| #define NE_FMT_NE_OFF_T NE_FMT_OFF_T
| #define HAVE_STRCASECMP 1
| #define HAVE_SIGNAL 1
| #define HAVE_SETVBUF 1
| #define HAVE_SETSOCKOPT 1
| #define HAVE_STPCPY 1
| #define HAVE_FCNTL 1
| #define HAVE_GETSOCKOPT 1
| #define HAVE_DECL_STPCPY 1
| #define HAVE_GAI_STRERROR 1
| #define HAVE_GETNAMEINFO 1
| #define HAVE_INET_NTOP 1
| #define HAVE_INET_PTON 1
| #define NE_HAVE_IPV6 1
| #define USE_GETADDRINFO 1
| #define USE_GAI_ADDRCONFIG 1
| #define HAVE_SOCKLEN_T 1
| #define HAVE_STRUCT_TM_TM_GMTOFF 1
| #define HAVE_GSSAPI_GSSAPI_H 1
| #define HAVE_GSS_INIT_SEC_CONTEXT 1
| #define HAVE_GSSAPI 1
| #define HAVE_GSSAPI_GSSAPI_GENERIC_H 1
| #define NE_HAVE_DAV 1
| #define HAVE_EXPAT 1
| #define SIZEOF_XML_SIZE 8
| #define NE_FMT_XML_SIZE "ld"
| #define SIZEOF_LONG_LONG 8
| /* end confdefs.h.  */
| #include <sys/types.h>
| 
| #include <stdio.h>
| int
| main ()
| {
| long long i = 1; printf("%ld", i);
|   ;
|   return 0;
| }
configure:9112: gcc -c -I/opt/boxen/homebrew/include -I$(top_srcdir)/lib/neon  -no-cpp-precomp  -Wformat -Werror conftest.c >&5
configure:9112: $? = 0
configure:9129: result: lld
configure:9155: debugging is enabled
configure:9301: creating ./config.status

## ---------------------- ##
## Running config.status. ##
## ---------------------- ##

This file was extended by litmus config.status 0.13, which was
generated by GNU Autoconf 2.66.  Invocation command line was

  CONFIG_FILES    = 
  CONFIG_HEADERS  = 
  CONFIG_LINKS    = 
  CONFIG_COMMANDS = 
  $ ./config.status 

on Golf.local

config.status:915: creating litmus
config.status:915: creating Makefile
config.status:915: creating lib/neon/Makefile
config.status:915: creating config.h
configure:10482: Configured to build litmus 0.13:

  Install prefix:  /usr/local
  Compiler:        gcc
  neon library:    included libneon (0.29.6)
  XML parser:      expat
  SSL library:     SSL support is not enabled


## ---------------- ##
## Cache variables. ##
## ---------------- ##

ac_cv_c_bigendian=no
ac_cv_c_compiler_gnu=yes
ac_cv_c_const=yes
ac_cv_c_inline=inline
ac_cv_env_CC_set=
ac_cv_env_CC_value=
ac_cv_env_CFLAGS_set=set
ac_cv_env_CFLAGS_value=-I/opt/boxen/homebrew/include
ac_cv_env_CPPFLAGS_set=
ac_cv_env_CPPFLAGS_value=
ac_cv_env_CPP_set=
ac_cv_env_CPP_value=
ac_cv_env_LDFLAGS_set=set
ac_cv_env_LDFLAGS_value=-L/opt/boxen/homebrew/lib
ac_cv_env_LIBS_set=
ac_cv_env_LIBS_value=
ac_cv_env_build_alias_set=
ac_cv_env_build_alias_value=
ac_cv_env_host_alias_set=
ac_cv_env_host_alias_value=
ac_cv_env_target_alias_set=
ac_cv_env_target_alias_value=
ac_cv_func_fcntl=yes
ac_cv_func_gai_strerror=yes
ac_cv_func_gethostname=yes
ac_cv_func_getnameinfo=yes
ac_cv_func_getopt_long=yes
ac_cv_func_getsockopt=yes
ac_cv_func_gss_init_sec_context=yes
ac_cv_func_inet_ntop=yes
ac_cv_func_inet_pton=yes
ac_cv_func_isatty=yes
ac_cv_func_pipe=yes
ac_cv_func_poll=no
ac_cv_func_setlocale=yes
ac_cv_func_setsockopt=yes
ac_cv_func_setvbuf=yes
ac_cv_func_shutdown=yes
ac_cv_func_signal=yes
ac_cv_func_snprintf=yes
ac_cv_func_stpcpy=yes
ac_cv_func_strcasecmp=yes
ac_cv_func_strerror_r=yes
ac_cv_func_strerror_r_char_p=no
ac_cv_func_strtoll=yes
ac_cv_func_usleep=yes
ac_cv_func_vsnprintf=yes
ac_cv_have_decl_GSS_C_NT_HOSTBASED_SERVICE=yes
ac_cv_have_decl_stpcpy=yes
ac_cv_have_decl_strerror_r=yes
ac_cv_header_arpa_inet_h=yes
ac_cv_header_errno_h=yes
ac_cv_header_expat_h=yes
ac_cv_header_fcntl_h=yes
ac_cv_header_gssapi_gssapi_generic_h=yes
ac_cv_header_gssapi_gssapi_h=yes
ac_cv_header_iconv_h=yes
ac_cv_header_inttypes_h=yes
ac_cv_header_libintl_h=no
ac_cv_header_limits_h=yes
ac_cv_header_locale_h=yes
ac_cv_header_memory_h=yes
ac_cv_header_minix_config_h=no
ac_cv_header_netdb_h=yes
ac_cv_header_netinet_in_h=yes
ac_cv_header_netinet_tcp_h=yes
ac_cv_header_signal_h=yes
ac_cv_header_stdarg_h=yes
ac_cv_header_stdc=yes
ac_cv_header_stdint_h=yes
ac_cv_header_stdlib_h=yes
ac_cv_header_string_h=yes
ac_cv_header_strings_h=yes
ac_cv_header_sys_limits_h=no
ac_cv_header_sys_poll_h=yes
ac_cv_header_sys_select_h=yes
ac_cv_header_sys_socket_h=yes
ac_cv_header_sys_stat_h=yes
ac_cv_header_sys_time_h=yes
ac_cv_header_sys_types_h=yes
ac_cv_header_time=yes
ac_cv_header_unistd_h=yes
ac_cv_lib_expat_XML_SetXmlDeclHandler=yes
ac_cv_member_struct_tm___tm_gmtoff=no
ac_cv_member_struct_tm_tm_gmtoff=yes
ac_cv_objext=o
ac_cv_path_EGREP='/usr/bin/grep -E'
ac_cv_path_GREP=/usr/bin/grep
ac_cv_path_KRB5_CONFIG=/usr/bin/krb5-config
ac_cv_path_NEON_CONFIG=none
ac_cv_path_PKG_CONFIG=/opt/boxen/homebrew/bin/pkg-config
ac_cv_path_ac_pt_AR=/usr/bin/ar
ac_cv_path_ac_pt_RANLIB=/usr/bin/ranlib
ac_cv_path_install='/usr/bin/install -c'
ac_cv_prog_CPP='gcc -E'
ac_cv_prog_ac_ct_CC=gcc
ac_cv_prog_cc_c89=
ac_cv_prog_cc_g=yes
ac_cv_prog_make_make_set=yes
ac_cv_safe_to_define___extensions__=yes
ac_cv_sizeof_XML_Size=8
ac_cv_sizeof_int=4
ac_cv_sizeof_long=8
ac_cv_sizeof_long_long=8
ac_cv_sizeof_off_t=8
ac_cv_sizeof_size_t=8
ac_cv_sizeof_ssize_t=8
ac_cv_sizeof_time_t=8
ac_cv_type_XML_Size=yes
ac_cv_type_off_t=yes
ac_cv_type_pid_t=yes
ac_cv_type_size_t=yes
ac_cv_type_socklen_t=yes
ne_cv_cc_timezone=yes
ne_cv_cc_werror=yes
ne_cv_fmt_XML_Size=ld
ne_cv_fmt_long_long=lld
ne_cv_fmt_off_t=lld
ne_cv_fmt_size_t=lu
ne_cv_fmt_ssize_t=ld
ne_cv_fmt_time_t=ld
ne_cv_gai_addrconfig=yes
ne_cv_libsfor_getaddrinfo='none needed'
ne_cv_libsfor_socket='none needed'
ne_cv_os_uname=Darwin
ne_cv_pkg_libproxy_1_0=no

## ----------------- ##
## Output variables. ##
## ----------------- ##

AR='/usr/bin/ar'
CC='gcc'
CFLAGS='-I/opt/boxen/homebrew/include -I$(top_srcdir)/lib/neon'
CPP='gcc -E'
CPPFLAGS=' -no-cpp-precomp  -I${top_builddir} -I$(top_srcdir)/lib'
DEFS='-DHAVE_CONFIG_H'
ECHO_C='\c'
ECHO_N=''
ECHO_T=''
EGREP='/usr/bin/grep -E'
EXEEXT=''
GNUTLS_CONFIG=''
GREP='/usr/bin/grep'
INSTALL_DATA='${INSTALL} -m 644'
INSTALL_PROGRAM='${INSTALL}'
INSTALL_SCRIPT='${INSTALL}'
KRB5_CONFIG='/usr/bin/krb5-config'
LDFLAGS='-L/opt/boxen/homebrew/lib -flat_namespace'
LIBOBJS=''
LIBS=''
LTLIBOBJS=''
NEONOBJS=' $(NEON_DAVOBJS)'
NEON_BUILD_BUNDLED='yes'
NEON_CFLAGS=''
NEON_CONFIG='none'
NEON_EXTRAOBJS=' ne_stubssl.o'
NEON_LIBS='-Llib/neon -lneon  -dynamic -Wl,-search_paths_first -lkrb5 -lexpat'
NEON_LINK_FLAGS=''
NEON_LTLIBS=''
NEON_OBJEXT='o'
NEON_SUPPORTS_SSL=''
NEON_TARGET='libneon.a'
NE_FLAG_DAV='yes'
NE_FLAG_IPV6='yes'
NE_FLAG_LFS='no'
NE_FLAG_LIBPXY='no'
NE_FLAG_SSL='no'
NE_FLAG_TS_SSL='no'
NE_FLAG_ZLIB='no'
OBJEXT='o'
PACKAGE_BUGREPORT='litmus@lists.manyfish.co.uk'
PACKAGE_NAME='litmus'
PACKAGE_STRING='litmus 0.13'
PACKAGE_TARNAME='litmus'
PACKAGE_URL=''
PACKAGE_VERSION='0.13'
PATH_SEPARATOR=':'
PKG_CONFIG='/opt/boxen/homebrew/bin/pkg-config'
RANLIB='/usr/bin/ranlib'
SET_MAKE=''
SHELL='/bin/sh'
TESTS='basic copymove props locks http'
XML2_CONFIG=''
ac_ct_CC='gcc'
bindir='${exec_prefix}/bin'
build_alias=''
datadir='${datarootdir}'
datarootdir='${prefix}/share'
docdir='${datarootdir}/doc/${PACKAGE_TARNAME}'
dvidir='${docdir}'
exec_prefix='${prefix}'
host_alias=''
htmldir='${docdir}'
includedir='${prefix}/include'
infodir='${datarootdir}/info'
libdir='${exec_prefix}/lib'
libexecdir='${exec_prefix}/libexec'
localedir='${datarootdir}/locale'
localstatedir='${prefix}/var'
mandir='${datarootdir}/man'
oldincludedir='/usr/include'
pdfdir='${docdir}'
prefix='/usr/local'
program_transform_name='s,x,x,'
psdir='${docdir}'
sbindir='${exec_prefix}/sbin'
sharedstatedir='${prefix}/com'
sysconfdir='${prefix}/etc'
target_alias=''

## ----------- ##
## confdefs.h. ##
## ----------- ##

/* confdefs.h */
#define PACKAGE_NAME "litmus"
#define PACKAGE_TARNAME "litmus"
#define PACKAGE_VERSION "0.13"
#define PACKAGE_STRING "litmus 0.13"
#define PACKAGE_BUGREPORT "litmus@lists.manyfish.co.uk"
#define PACKAGE_URL ""
#define _GNU_SOURCE 1
#define STDC_HEADERS 1
#define HAVE_SYS_TYPES_H 1
#define HAVE_SYS_STAT_H 1
#define HAVE_STDLIB_H 1
#define HAVE_STRING_H 1
#define HAVE_MEMORY_H 1
#define HAVE_STRINGS_H 1
#define HAVE_INTTYPES_H 1
#define HAVE_STDINT_H 1
#define HAVE_UNISTD_H 1
#define __EXTENSIONS__ 1
#define _ALL_SOURCE 1
#define _GNU_SOURCE 1
#define _POSIX_PTHREAD_SEMANTICS 1
#define _TANDEM_SOURCE 1
#define SIZEOF_INT 4
#define SIZEOF_LONG 8
#define SIZEOF_LONG_LONG 8
#define HAVE_ERRNO_H 1
#define HAVE_STDARG_H 1
#define HAVE_STRING_H 1
#define HAVE_STDLIB_H 1
#define SIZEOF_SIZE_T 8
#define NE_FMT_SIZE_T "lu"
#define SIZEOF_OFF_T 8
#define NE_FMT_OFF_T "lld"
#define SIZEOF_SSIZE_T 8
#define NE_FMT_SSIZE_T "ld"
#define SIZEOF_TIME_T 8
#define NE_FMT_TIME_T "ld"
#define TIME_WITH_SYS_TIME 1
#define HAVE_SYS_TIME_H 1
#define HAVE_STDINT_H 1
#define HAVE_LOCALE_H 1
#define HAVE_SIGNAL_H 1
#define HAVE_PIPE 1
#define HAVE_ISATTY 1
#define HAVE_USLEEP 1
#define HAVE_SHUTDOWN 1
#define HAVE_SETLOCALE 1
#define HAVE_GETHOSTNAME 1
#define HAVE_DECL_STRERROR_R 1
#define HAVE_STRERROR_R 1
#define HAVE_SNPRINTF 1
#define HAVE_VSNPRINTF 1
#define NEON_VERSION "0.29.6"
#define NE_VERSION_MAJOR (0)
#define NE_VERSION_MINOR (29)
#define NE_VERSION_PATCH (6)
#define HAVE_SYS_TIME_H 1
#define HAVE_LIMITS_H 1
#define HAVE_SYS_SELECT_H 1
#define HAVE_ARPA_INET_H 1
#define HAVE_SIGNAL_H 1
#define HAVE_SYS_SOCKET_H 1
#define HAVE_NETINET_IN_H 1
#define HAVE_NETINET_TCP_H 1
#define HAVE_NETDB_H 1
#define HAVE_SYS_POLL_H 1
#define HAVE_FCNTL_H 1
#define HAVE_ICONV_H 1
#define HAVE_TIMEZONE 1
#define HAVE_STRTOLL 1
#define NE_FMT_NE_OFF_T NE_FMT_OFF_T
#define HAVE_STRCASECMP 1
#define HAVE_SIGNAL 1
#define HAVE_SETVBUF 1
#define HAVE_SETSOCKOPT 1
#define HAVE_STPCPY 1
#define HAVE_FCNTL 1
#define HAVE_GETSOCKOPT 1
#define HAVE_DECL_STPCPY 1
#define HAVE_GAI_STRERROR 1
#define HAVE_GETNAMEINFO 1
#define HAVE_INET_NTOP 1
#define HAVE_INET_PTON 1
#define NE_HAVE_IPV6 1
#define USE_GETADDRINFO 1
#define USE_GAI_ADDRCONFIG 1
#define HAVE_SOCKLEN_T 1
#define HAVE_STRUCT_TM_TM_GMTOFF 1
#define HAVE_GSSAPI_GSSAPI_H 1
#define HAVE_GSS_INIT_SEC_CONTEXT 1
#define HAVE_GSSAPI 1
#define HAVE_GSSAPI_GSSAPI_GENERIC_H 1
#define NE_HAVE_DAV 1
#define HAVE_EXPAT 1
#define SIZEOF_XML_SIZE 8
#define NE_FMT_XML_SIZE "ld"
#define SIZEOF_LONG_LONG 8
#define NE_FMT_LONG_LONG "lld"
#define NE_DEBUGGING 1

configure: exit 0
